
==========================================================================
detailed place report_tns
--------------------------------------------------------------------------
tns max 0.00

==========================================================================
detailed place report_wns
--------------------------------------------------------------------------
wns max 0.00

==========================================================================
detailed place report_worst_slack
--------------------------------------------------------------------------
worst slack max 5.77

==========================================================================
detailed place report_clock_min_period
--------------------------------------------------------------------------
clk period_min = 5.23 fmax = 191.12

==========================================================================
detailed place report_checks -path_delay min
--------------------------------------------------------------------------
Startpoint: core.CPU_rd_a2[0]$_DFF_P_
            (rising edge-triggered flip-flop clocked by clk)
Endpoint: core.CPU_rd_a3[0]$_DFF_P_
          (rising edge-triggered flip-flop clocked by clk)
Path Group: clk
Path Type: min

Fanout     Cap    Slew   Delay    Time   Description
-----------------------------------------------------------------------------
                  0.00    0.00    0.00   clock clk (rise edge)
                          0.00    0.00   clock network delay (ideal)
                  0.00    0.00    0.00 ^ core.CPU_rd_a2[0]$_DFF_P_/CLK (sky130_fd_sc_hd__dfxtp_1)
     1    0.00    0.03    0.28    0.28 ^ core.CPU_rd_a2[0]$_DFF_P_/Q (sky130_fd_sc_hd__dfxtp_1)
                                         core.CPU_rd_a2[0] (net)
                  0.03    0.00    0.28 ^ core.CPU_rd_a3[0]$_DFF_P_/D (sky130_fd_sc_hd__dfxtp_1)
                                  0.28   data arrival time

                  0.00    0.00    0.00   clock clk (rise edge)
                          0.00    0.00   clock network delay (ideal)
                          0.00    0.00   clock reconvergence pessimism
                                  0.00 ^ core.CPU_rd_a3[0]$_DFF_P_/CLK (sky130_fd_sc_hd__dfxtp_1)
                         -0.03   -0.03   library hold time
                                 -0.03   data required time
-----------------------------------------------------------------------------
                                 -0.03   data required time
                                 -0.28   data arrival time
-----------------------------------------------------------------------------
                                  0.31   slack (MET)



==========================================================================
detailed place report_checks -path_delay max
--------------------------------------------------------------------------
Startpoint: core.CPU_src1_value_a3[13]$_DFF_P_
            (rising edge-triggered flip-flop clocked by clk)
Endpoint: core.CPU_Xreg_value_a4[1][27]$_SDFFE_PP0P_
          (rising edge-triggered flip-flop clocked by clk)
Path Group: clk
Path Type: max

Fanout     Cap    Slew   Delay    Time   Description
-----------------------------------------------------------------------------
                  0.00    0.00    0.00   clock clk (rise edge)
                          0.00    0.00   clock network delay (ideal)
                  0.00    0.00    0.00 ^ core.CPU_src1_value_a3[13]$_DFF_P_/CLK (sky130_fd_sc_hd__dfxtp_1)
     7    0.06    0.54    0.64    0.64 ^ core.CPU_src1_value_a3[13]$_DFF_P_/Q (sky130_fd_sc_hd__dfxtp_1)
                                         core.CPU_src1_value_a3[13] (net)
                  0.54    0.00    0.64 ^ _10833_/A (sky130_fd_sc_hd__ha_1)
    13    0.05    0.26    0.50    1.14 v _10833_/SUM (sky130_fd_sc_hd__ha_1)
                                         _00104_ (net)
                  0.26    0.00    1.14 v _07812_/C (sky130_fd_sc_hd__nor4_1)
     3    0.02    0.72    0.68    1.82 ^ _07812_/Y (sky130_fd_sc_hd__nor4_1)
                                         _02899_ (net)
                  0.72    0.00    1.82 ^ _07813_/B (sky130_fd_sc_hd__nand2_1)
     1    0.01    0.14    0.17    1.98 v _07813_/Y (sky130_fd_sc_hd__nand2_1)
                                         _02900_ (net)
                  0.14    0.00    1.98 v _07814_/C1 (sky130_fd_sc_hd__a211oi_1)
     2    0.03    0.89    0.73    2.71 ^ _07814_/Y (sky130_fd_sc_hd__a211oi_1)
                                         _02901_ (net)
                  0.89    0.00    2.71 ^ _08170_/A (sky130_fd_sc_hd__nor2_1)
     1    0.01    0.21    0.24    2.95 v _08170_/Y (sky130_fd_sc_hd__nor2_1)
                                         _03248_ (net)
                  0.21    0.00    2.95 v _08174_/A2 (sky130_fd_sc_hd__a21oi_1)
     3    0.02    0.51    0.50    3.45 ^ _08174_/Y (sky130_fd_sc_hd__a21oi_1)
                                         _03252_ (net)
                  0.51    0.00    3.45 ^ _08325_/A (sky130_fd_sc_hd__nand2_1)
     2    0.01    0.14    0.15    3.60 v _08325_/Y (sky130_fd_sc_hd__nand2_1)
                                         _03399_ (net)
                  0.14    0.00    3.60 v _08329_/B (sky130_fd_sc_hd__and3_1)
     1    0.00    0.04    0.20    3.80 v _08329_/X (sky130_fd_sc_hd__and3_1)
                                         _03403_ (net)
                  0.04    0.00    3.80 v _08333_/A3 (sky130_fd_sc_hd__o32ai_1)
     1    0.01    0.49    0.43    4.23 ^ _08333_/Y (sky130_fd_sc_hd__o32ai_1)
                                         _03407_ (net)
                  0.49    0.00    4.23 ^ place317/A (sky130_fd_sc_hd__buf_4)
     3    0.01    0.06    0.22    4.45 ^ place317/X (sky130_fd_sc_hd__buf_4)
                                         net316 (net)
                  0.06    0.00    4.45 ^ _08357_/A (sky130_fd_sc_hd__nand2_1)
    12    0.05    0.41    0.28    4.74 v _08357_/Y (sky130_fd_sc_hd__nand2_1)
                                         _03431_ (net)
                  0.41    0.00    4.74 v _09047_/A2 (sky130_fd_sc_hd__a311oi_1)
     1    0.00    0.24    0.39    5.13 ^ _09047_/Y (sky130_fd_sc_hd__a311oi_1)
                                         _00899_ (net)
                  0.24    0.00    5.13 ^ core.CPU_Xreg_value_a4[1][27]$_SDFFE_PP0P_/D (sky130_fd_sc_hd__dfxtp_1)
                                  5.13   data arrival time

                  0.00   11.00   11.00   clock clk (rise edge)
                          0.00   11.00   clock network delay (ideal)
                          0.00   11.00   clock reconvergence pessimism
                                 11.00 ^ core.CPU_Xreg_value_a4[1][27]$_SDFFE_PP0P_/CLK (sky130_fd_sc_hd__dfxtp_1)
                         -0.11   10.89   library setup time
                                 10.89   data required time
-----------------------------------------------------------------------------
                                 10.89   data required time
                                 -5.13   data arrival time
-----------------------------------------------------------------------------
                                  5.77   slack (MET)



==========================================================================
detailed place report_checks -unconstrained
--------------------------------------------------------------------------
Startpoint: core.CPU_src1_value_a3[13]$_DFF_P_
            (rising edge-triggered flip-flop clocked by clk)
Endpoint: core.CPU_Xreg_value_a4[1][27]$_SDFFE_PP0P_
          (rising edge-triggered flip-flop clocked by clk)
Path Group: clk
Path Type: max

Fanout     Cap    Slew   Delay    Time   Description
-----------------------------------------------------------------------------
                  0.00    0.00    0.00   clock clk (rise edge)
                          0.00    0.00   clock network delay (ideal)
                  0.00    0.00    0.00 ^ core.CPU_src1_value_a3[13]$_DFF_P_/CLK (sky130_fd_sc_hd__dfxtp_1)
     7    0.06    0.54    0.64    0.64 ^ core.CPU_src1_value_a3[13]$_DFF_P_/Q (sky130_fd_sc_hd__dfxtp_1)
                                         core.CPU_src1_value_a3[13] (net)
                  0.54    0.00    0.64 ^ _10833_/A (sky130_fd_sc_hd__ha_1)
    13    0.05    0.26    0.50    1.14 v _10833_/SUM (sky130_fd_sc_hd__ha_1)
                                         _00104_ (net)
                  0.26    0.00    1.14 v _07812_/C (sky130_fd_sc_hd__nor4_1)
     3    0.02    0.72    0.68    1.82 ^ _07812_/Y (sky130_fd_sc_hd__nor4_1)
                                         _02899_ (net)
                  0.72    0.00    1.82 ^ _07813_/B (sky130_fd_sc_hd__nand2_1)
     1    0.01    0.14    0.17    1.98 v _07813_/Y (sky130_fd_sc_hd__nand2_1)
                                         _02900_ (net)
                  0.14    0.00    1.98 v _07814_/C1 (sky130_fd_sc_hd__a211oi_1)
     2    0.03    0.89    0.73    2.71 ^ _07814_/Y (sky130_fd_sc_hd__a211oi_1)
                                         _02901_ (net)
                  0.89    0.00    2.71 ^ _08170_/A (sky130_fd_sc_hd__nor2_1)
     1    0.01    0.21    0.24    2.95 v _08170_/Y (sky130_fd_sc_hd__nor2_1)
                                         _03248_ (net)
                  0.21    0.00    2.95 v _08174_/A2 (sky130_fd_sc_hd__a21oi_1)
     3    0.02    0.51    0.50    3.45 ^ _08174_/Y (sky130_fd_sc_hd__a21oi_1)
                                         _03252_ (net)
                  0.51    0.00    3.45 ^ _08325_/A (sky130_fd_sc_hd__nand2_1)
     2    0.01    0.14    0.15    3.60 v _08325_/Y (sky130_fd_sc_hd__nand2_1)
                                         _03399_ (net)
                  0.14    0.00    3.60 v _08329_/B (sky130_fd_sc_hd__and3_1)
     1    0.00    0.04    0.20    3.80 v _08329_/X (sky130_fd_sc_hd__and3_1)
                                         _03403_ (net)
                  0.04    0.00    3.80 v _08333_/A3 (sky130_fd_sc_hd__o32ai_1)
     1    0.01    0.49    0.43    4.23 ^ _08333_/Y (sky130_fd_sc_hd__o32ai_1)
                                         _03407_ (net)
                  0.49    0.00    4.23 ^ place317/A (sky130_fd_sc_hd__buf_4)
     3    0.01    0.06    0.22    4.45 ^ place317/X (sky130_fd_sc_hd__buf_4)
                                         net316 (net)
                  0.06    0.00    4.45 ^ _08357_/A (sky130_fd_sc_hd__nand2_1)
    12    0.05    0.41    0.28    4.74 v _08357_/Y (sky130_fd_sc_hd__nand2_1)
                                         _03431_ (net)
                  0.41    0.00    4.74 v _09047_/A2 (sky130_fd_sc_hd__a311oi_1)
     1    0.00    0.24    0.39    5.13 ^ _09047_/Y (sky130_fd_sc_hd__a311oi_1)
                                         _00899_ (net)
                  0.24    0.00    5.13 ^ core.CPU_Xreg_value_a4[1][27]$_SDFFE_PP0P_/D (sky130_fd_sc_hd__dfxtp_1)
                                  5.13   data arrival time

                  0.00   11.00   11.00   clock clk (rise edge)
                          0.00   11.00   clock network delay (ideal)
                          0.00   11.00   clock reconvergence pessimism
                                 11.00 ^ core.CPU_Xreg_value_a4[1][27]$_SDFFE_PP0P_/CLK (sky130_fd_sc_hd__dfxtp_1)
                         -0.11   10.89   library setup time
                                 10.89   data required time
-----------------------------------------------------------------------------
                                 10.89   data required time
                                 -5.13   data arrival time
-----------------------------------------------------------------------------
                                  5.77   slack (MET)



==========================================================================
detailed place report_check_types -max_slew -max_cap -max_fanout -violators
--------------------------------------------------------------------------

==========================================================================
detailed place max_slew_check_slack
--------------------------------------------------------------------------
0.22022396326065063

==========================================================================
detailed place max_slew_check_limit
--------------------------------------------------------------------------
1.4979510307312012

==========================================================================
detailed place max_slew_check_slack_limit
--------------------------------------------------------------------------
0.1470

==========================================================================
detailed place max_fanout_check_slack
--------------------------------------------------------------------------
1.0000000150474662e+30

==========================================================================
detailed place max_fanout_check_limit
--------------------------------------------------------------------------
1.0000000150474662e+30

==========================================================================
detailed place max_capacitance_check_slack
--------------------------------------------------------------------------
0.013349710963666439

==========================================================================
detailed place max_capacitance_check_limit
--------------------------------------------------------------------------
0.021067000925540924

==========================================================================
detailed place max_capacitance_check_slack_limit
--------------------------------------------------------------------------
0.6337

==========================================================================
detailed place max_slew_violation_count
--------------------------------------------------------------------------
max slew violation count 0

==========================================================================
detailed place max_fanout_violation_count
--------------------------------------------------------------------------
max fanout violation count 0

==========================================================================
detailed place max_cap_violation_count
--------------------------------------------------------------------------
max cap violation count 0

==========================================================================
detailed place setup_violation_count
--------------------------------------------------------------------------
setup violation count 0

==========================================================================
detailed place hold_violation_count
--------------------------------------------------------------------------
hold violation count 0

==========================================================================
detailed place report_checks -path_delay max reg to reg
--------------------------------------------------------------------------
Startpoint: core.CPU_src1_value_a3[13]$_DFF_P_
            (rising edge-triggered flip-flop clocked by clk)
Endpoint: core.CPU_Xreg_value_a4[1][27]$_SDFFE_PP0P_
          (rising edge-triggered flip-flop clocked by clk)
Path Group: clk
Path Type: max

  Delay    Time   Description
---------------------------------------------------------
   0.00    0.00   clock clk (rise edge)
   0.00    0.00   clock network delay (ideal)
   0.00    0.00 ^ core.CPU_src1_value_a3[13]$_DFF_P_/CLK (sky130_fd_sc_hd__dfxtp_1)
   0.64    0.64 ^ core.CPU_src1_value_a3[13]$_DFF_P_/Q (sky130_fd_sc_hd__dfxtp_1)
   0.50    1.14 v _10833_/SUM (sky130_fd_sc_hd__ha_1)
   0.68    1.82 ^ _07812_/Y (sky130_fd_sc_hd__nor4_1)
   0.17    1.98 v _07813_/Y (sky130_fd_sc_hd__nand2_1)
   0.73    2.71 ^ _07814_/Y (sky130_fd_sc_hd__a211oi_1)
   0.24    2.95 v _08170_/Y (sky130_fd_sc_hd__nor2_1)
   0.50    3.45 ^ _08174_/Y (sky130_fd_sc_hd__a21oi_1)
   0.15    3.60 v _08325_/Y (sky130_fd_sc_hd__nand2_1)
   0.20    3.80 v _08329_/X (sky130_fd_sc_hd__and3_1)
   0.43    4.23 ^ _08333_/Y (sky130_fd_sc_hd__o32ai_1)
   0.22    4.45 ^ place317/X (sky130_fd_sc_hd__buf_4)
   0.28    4.74 v _08357_/Y (sky130_fd_sc_hd__nand2_1)
   0.39    5.13 ^ _09047_/Y (sky130_fd_sc_hd__a311oi_1)
   0.00    5.13 ^ core.CPU_Xreg_value_a4[1][27]$_SDFFE_PP0P_/D (sky130_fd_sc_hd__dfxtp_1)
           5.13   data arrival time

  11.00   11.00   clock clk (rise edge)
   0.00   11.00   clock network delay (ideal)
   0.00   11.00   clock reconvergence pessimism
          11.00 ^ core.CPU_Xreg_value_a4[1][27]$_SDFFE_PP0P_/CLK (sky130_fd_sc_hd__dfxtp_1)
  -0.11   10.89   library setup time
          10.89   data required time
---------------------------------------------------------
          10.89   data required time
          -5.13   data arrival time
---------------------------------------------------------
           5.77   slack (MET)



==========================================================================
detailed place report_checks -path_delay min reg to reg
--------------------------------------------------------------------------
Startpoint: core.CPU_rd_a2[0]$_DFF_P_
            (rising edge-triggered flip-flop clocked by clk)
Endpoint: core.CPU_rd_a3[0]$_DFF_P_
          (rising edge-triggered flip-flop clocked by clk)
Path Group: clk
Path Type: min

  Delay    Time   Description
---------------------------------------------------------
   0.00    0.00   clock clk (rise edge)
   0.00    0.00   clock network delay (ideal)
   0.00    0.00 ^ core.CPU_rd_a2[0]$_DFF_P_/CLK (sky130_fd_sc_hd__dfxtp_1)
   0.28    0.28 ^ core.CPU_rd_a2[0]$_DFF_P_/Q (sky130_fd_sc_hd__dfxtp_1)
   0.00    0.28 ^ core.CPU_rd_a3[0]$_DFF_P_/D (sky130_fd_sc_hd__dfxtp_1)
           0.28   data arrival time

   0.00    0.00   clock clk (rise edge)
   0.00    0.00   clock network delay (ideal)
   0.00    0.00   clock reconvergence pessimism
           0.00 ^ core.CPU_rd_a3[0]$_DFF_P_/CLK (sky130_fd_sc_hd__dfxtp_1)
  -0.03   -0.03   library hold time
          -0.03   data required time
---------------------------------------------------------
          -0.03   data required time
          -0.28   data arrival time
---------------------------------------------------------
           0.31   slack (MET)



==========================================================================
detailed place critical path target clock latency max path
--------------------------------------------------------------------------
0

==========================================================================
detailed place critical path target clock latency min path
--------------------------------------------------------------------------
0

==========================================================================
detailed place critical path source clock latency min path
--------------------------------------------------------------------------
0

==========================================================================
detailed place critical path delay
--------------------------------------------------------------------------
5.1264

==========================================================================
detailed place critical path slack
--------------------------------------------------------------------------
5.7677

==========================================================================
detailed place slack div critical path delay
--------------------------------------------------------------------------
112.509753

==========================================================================
detailed place report_power
--------------------------------------------------------------------------
Group                  Internal  Switching    Leakage      Total
                          Power      Power      Power      Power (Watts)
----------------------------------------------------------------
Sequential             4.46e-03   3.92e-04   9.26e-09   4.85e-03  61.6%
Combinational          8.77e-04   2.15e-03   9.89e-09   3.03e-03  38.4%
Clock                  0.00e+00   0.00e+00   0.00e+00   0.00e+00   0.0%
Macro                  0.00e+00   0.00e+00   0.00e+00   0.00e+00   0.0%
Pad                    0.00e+00   0.00e+00   0.00e+00   0.00e+00   0.0%
----------------------------------------------------------------
Total                  5.34e-03   2.54e-03   1.92e-08   7.88e-03 100.0%
                          67.7%      32.3%       0.0%
