OpenROAD v2.0-26087-g3bcda7705d 
Features included (+) or not (-): +GPU +GUI +Python
This program is licensed under the BSD-3 license. See the LICENSE file for details.
Components of this program may be licensed under more restrictive licenses which must be honored.
[INFO ORD-0030] Using 10 thread(s).
read_liberty /home/shwetank/OpenROAD-flow-scripts/flow/platforms/sky130hd/lib/sky130_fd_sc_hd__tt_025C_1v80.lib
read_liberty /home/shwetank/OpenROAD-flow-scripts/flow/designs/sky130hd/VSDBabySoC/lib/avsddac.lib
read_liberty /home/shwetank/OpenROAD-flow-scripts/flow/designs/sky130hd/VSDBabySoC/lib/avsdpll.lib
read_db ./results/sky130hd/VSDBabySoC/base/3_3_place_gp.odb
Perform buffer insertion and gate resizing...
repair_design -verbose -match_cell_footprint
Iteration |   Area    | Resized | Buffers | Nets repaired | Remaining
---------------------------------------------------------------------
        0 |     +0.0% |       0 |       0 |             0 |      6383
     1000 |     +0.0% |       0 |       0 |             0 |      5383
     2000 |     +0.0% |       1 |       1 |             1 |      4383
     3000 |     +0.0% |       1 |       1 |             1 |      3383
     4000 |     +0.0% |       1 |       1 |             1 |      2383
     5000 |     +0.0% |       1 |       1 |             1 |      1383
     6000 |     +0.0% |       1 |       1 |             1 |       383
    final |     +0.0% |       1 |       1 |             1 |         0
---------------------------------------------------------------------
[INFO RSZ-0034] Found 1 slew violations.
[INFO RSZ-0039] Resized 1 instances.
[INFO RSZ-0038] Inserted 1 buffers in 1 nets.
Floating nets: 
[WARNING RSZ-0020] found 2 floating nets.
Report metrics stage 3, resizer...

==========================================================================
resizer report_design_area
--------------------------------------------------------------------------
Design area 724569 um^2 13% utilization.
Instance count before 72848, after 72849
Pin count before 22387, after 22389
Elapsed time: 0:04.95[h:]min:sec. CPU time: user 5.56 sys 0.80 (128%). Peak memory: 224184KB.
Log                        Elapsed/s Peak Memory/MB  sha1sum .odb [0:20)
3_4_place_resized                  4            218 ddf1cb35eaa9f5dc0184
