Startpoint: core.CPU_Xreg_value_a5[17][9]$_DFF_P_
            (rising edge-triggered flip-flop clocked by clk)
Endpoint: core.OUT[9]$_DFF_P_ (rising edge-triggered flip-flop clocked by clk)
Path Group: clk
Path Type: min

      Cap      Slew     Delay      Time   Description
-------------------------------------------------------------------------------
                       0.0000    0.0000   clock clk (rise edge)
                       0.0000    0.0000   clock source latency
   0.1097    0.0000    0.0000    0.0000 ^ pll/CLK (avsdpll)
             0.0149    0.0075    0.0075 ^ clkbuf_0_CLK/A (sky130_fd_sc_hd__clkbuf_16)
   0.2113    0.1721    0.1725    0.1800 ^ clkbuf_0_CLK/X (sky130_fd_sc_hd__clkbuf_16)
             0.1739    0.0140    0.1940 ^ clkbuf_3_4_0_CLK/A (sky130_fd_sc_hd__clkbuf_16)
   0.1813    0.1496    0.2028    0.3968 ^ clkbuf_3_4_0_CLK/X (sky130_fd_sc_hd__clkbuf_16)
             0.1499    0.0050    0.4018 ^ clkbuf_leaf_31_CLK/A (sky130_fd_sc_hd__clkbuf_16)
   0.0523    0.0553    0.1319    0.5337 ^ clkbuf_leaf_31_CLK/X (sky130_fd_sc_hd__clkbuf_16)
             0.0555    0.0024    0.5361 ^ core.CPU_Xreg_value_a5[17][9]$_DFF_P_/CLK (sky130_fd_sc_hd__dfxtp_1)
   0.0029    0.0301    0.1918    0.7279 ^ core.CPU_Xreg_value_a5[17][9]$_DFF_P_/Q (sky130_fd_sc_hd__dfxtp_1)
             0.0301    0.0001    0.7280 ^ core.OUT[9]$_DFF_P_/D (sky130_fd_sc_hd__dfxtp_1)
                                 0.7280   data arrival time

                       0.0000    0.0000   clock clk (rise edge)
                       0.0000    0.0000   clock source latency
   0.1097    0.0000    0.0000    0.0000 ^ pll/CLK (avsdpll)
             0.0149    0.0075    0.0075 ^ clkbuf_0_CLK/A (sky130_fd_sc_hd__clkbuf_16)
   0.2113    0.1721    0.1725    0.1800 ^ clkbuf_0_CLK/X (sky130_fd_sc_hd__clkbuf_16)
             0.1752    0.0184    0.1984 ^ clkbuf_3_6_0_CLK/A (sky130_fd_sc_hd__clkbuf_16)
   0.2220    0.1805    0.2226    0.4210 ^ clkbuf_3_6_0_CLK/X (sky130_fd_sc_hd__clkbuf_16)
             0.1809    0.0068    0.4278 ^ clkbuf_leaf_28_CLK/A (sky130_fd_sc_hd__clkbuf_16)
   0.0510    0.0552    0.1354    0.5632 ^ clkbuf_leaf_28_CLK/X (sky130_fd_sc_hd__clkbuf_16)
             0.0554    0.0024    0.5656 ^ core.OUT[9]$_DFF_P_/CLK (sky130_fd_sc_hd__dfxtp_1)
                       0.0000    0.5656   clock reconvergence pessimism
                      -0.0167    0.5490   library hold time
                                 0.5490   data required time
-------------------------------------------------------------------------------
                                 0.5490   data required time
                                -0.7280   data arrival time
-------------------------------------------------------------------------------
                                 0.1790   slack (MET)


