Startpoint: core.CPU_is_slli_a3$_DFF_P_
            (rising edge-triggered flip-flop clocked by clk)
Endpoint: core.CPU_Xreg_value_a4[17][29]$_SDFFE_PP0P_
          (rising edge-triggered flip-flop clocked by clk)
Path Group: clk
Path Type: max

      Cap      Slew     Delay      Time   Description
-------------------------------------------------------------------------------
                       0.0000    0.0000   clock clk (rise edge)
                       0.0000    0.0000   clock source latency
   0.1092    0.0000    0.0000    0.0000 ^ pll/CLK (avsdpll)
             0.0148    0.0074    0.0074 ^ clkbuf_0_CLK/A (sky130_fd_sc_hd__clkbuf_16)
   0.2076    0.2230    0.2259    0.2333 ^ clkbuf_0_CLK/X (sky130_fd_sc_hd__clkbuf_16)
             0.2264    0.0218    0.2551 ^ clkbuf_3_1_0_CLK/A (sky130_fd_sc_hd__clkbuf_16)
   0.1828    0.1964    0.2836    0.5387 ^ clkbuf_3_1_0_CLK/X (sky130_fd_sc_hd__clkbuf_16)
             0.1967    0.0058    0.5445 ^ clkbuf_leaf_51_CLK/A (sky130_fd_sc_hd__clkbuf_16)
   0.0635    0.0810    0.1921    0.7366 ^ clkbuf_leaf_51_CLK/X (sky130_fd_sc_hd__clkbuf_16)
             0.0810    0.0022    0.7388 ^ core.CPU_is_slli_a3$_DFF_P_/CLK (sky130_fd_sc_hd__dfxtp_1)
   0.0046    0.0539    0.2793    1.0181 ^ core.CPU_is_slli_a3$_DFF_P_/Q (sky130_fd_sc_hd__dfxtp_1)
             0.0539    0.0002    1.0183 ^ place534/A (sky130_fd_sc_hd__buf_4)
   0.0956    0.2674    0.2563    1.2746 ^ place534/X (sky130_fd_sc_hd__buf_4)
             0.2674    0.0028    1.2774 ^ _07478_/S (sky130_fd_sc_hd__mux2i_4)
   0.0038    0.1270    0.2366    1.5141 ^ _07478_/Y (sky130_fd_sc_hd__mux2i_4)
             0.1270    0.0001    1.5142 ^ place488/A (sky130_fd_sc_hd__buf_4)
   0.2475    0.6789    0.5576    2.0718 ^ place488/X (sky130_fd_sc_hd__buf_4)
             0.6790    0.0083    2.0801 ^ _07710_/S (sky130_fd_sc_hd__mux2i_1)
   0.0188    0.4541    0.4565    2.5365 ^ _07710_/Y (sky130_fd_sc_hd__mux2i_1)
             0.4541    0.0010    2.5376 ^ _07711_/C (sky130_fd_sc_hd__nand3_1)
   0.0019    0.0917    0.0891    2.6267 v _07711_/Y (sky130_fd_sc_hd__nand3_1)
             0.0917    0.0000    2.6267 v _07712_/B1_N (sky130_fd_sc_hd__a21boi_0)
   0.0077    0.1397    0.1471    2.7738 v _07712_/Y (sky130_fd_sc_hd__a21boi_0)
             0.1397    0.0004    2.7742 v place383/A (sky130_fd_sc_hd__buf_4)
   0.0189    0.0374    0.1828    2.9570 v place383/X (sky130_fd_sc_hd__buf_4)
             0.0375    0.0014    2.9584 v _07713_/A1 (sky130_fd_sc_hd__mux2_2)
   0.0054    0.0498    0.2143    3.1727 v _07713_/X (sky130_fd_sc_hd__mux2_2)
             0.0498    0.0001    3.1728 v _08447_/A1 (sky130_fd_sc_hd__o21ai_0)
   0.0236    0.6621    0.5461    3.7189 ^ _08447_/Y (sky130_fd_sc_hd__o21ai_0)
             0.6621    0.0015    3.7204 ^ _08448_/B1 (sky130_fd_sc_hd__a32oi_1)
   0.0117    0.1749    0.1530    3.8733 v _08448_/Y (sky130_fd_sc_hd__a32oi_1)
             0.1749    0.0005    3.8738 v _08450_/A3 (sky130_fd_sc_hd__o31ai_1)
   0.0372    1.1725    0.9909    4.8647 ^ _08450_/Y (sky130_fd_sc_hd__o31ai_1)
             1.1725    0.0014    4.8662 ^ _08451_/B (sky130_fd_sc_hd__nand2_1)
   0.0328    0.3168    0.3756    5.2418 v _08451_/Y (sky130_fd_sc_hd__nand2_1)
             0.3169    0.0016    5.2434 v _08960_/A1 (sky130_fd_sc_hd__o21ai_0)
   0.0048    0.1786    0.2937    5.5371 ^ _08960_/Y (sky130_fd_sc_hd__o21ai_0)
             0.1786    0.0002    5.5373 ^ core.CPU_Xreg_value_a4[17][29]$_SDFFE_PP0P_/D (sky130_fd_sc_hd__dfxtp_1)
                                 5.5373   data arrival time

                      11.0000   11.0000   clock clk (rise edge)
                       0.0000   11.0000   clock source latency
   0.1092    0.0000    0.0000   11.0000 ^ pll/CLK (avsdpll)
             0.0148    0.0074   11.0074 ^ clkbuf_0_CLK/A (sky130_fd_sc_hd__clkbuf_16)
   0.2076    0.2230    0.2259   11.2333 ^ clkbuf_0_CLK/X (sky130_fd_sc_hd__clkbuf_16)
             0.2257    0.0197   11.2531 ^ clkbuf_3_3_0_CLK/A (sky130_fd_sc_hd__clkbuf_16)
   0.1761    0.1908    0.2769   11.5300 ^ clkbuf_3_3_0_CLK/X (sky130_fd_sc_hd__clkbuf_16)
             0.1915    0.0098   11.5398 ^ clkbuf_leaf_38_CLK/A (sky130_fd_sc_hd__clkbuf_16)
   0.0516    0.0696    0.1820   11.7219 ^ clkbuf_leaf_38_CLK/X (sky130_fd_sc_hd__clkbuf_16)
             0.0697    0.0018   11.7237 ^ core.CPU_Xreg_value_a4[17][29]$_SDFFE_PP0P_/CLK (sky130_fd_sc_hd__dfxtp_1)
                       0.0000   11.7237   clock reconvergence pessimism
                      -0.0670   11.6567   library setup time
                                11.6567   data required time
-------------------------------------------------------------------------------
                                11.6567   data required time
                                -5.5373   data arrival time
-------------------------------------------------------------------------------
                                 6.1195   slack (MET)


