Startpoint: core.CPU_is_slli_a3$_DFF_P_
            (rising edge-triggered flip-flop clocked by clk)
Endpoint: core.CPU_Xreg_value_a4[11][24]$_SDFFE_PP0P_
          (rising edge-triggered flip-flop clocked by clk)
Path Group: clk
Path Type: max

      Cap      Slew     Delay      Time   Description
-------------------------------------------------------------------------------
             0.0000    0.0000    0.0000   clock clk (rise edge)
                       0.0000    0.0000   clock network delay (ideal)
             0.0000    0.0000    0.0000 ^ core.CPU_is_slli_a3$_DFF_P_/CLK (sky130_fd_sc_hd__dfxtp_1)
   0.0039    0.2870    2.1691    2.1691 ^ core.CPU_is_slli_a3$_DFF_P_/Q (sky130_fd_sc_hd__dfxtp_1)
             0.2870    0.0000    2.1691 ^ _07425_/A (sky130_fd_sc_hd__buf_6)
   0.0190    0.3423    0.6058    2.7748 ^ _07425_/X (sky130_fd_sc_hd__buf_6)
             0.3423    0.0000    2.7748 ^ _07580_/S (sky130_fd_sc_hd__mux2i_1)
   0.0162    3.3350    3.2138    5.9886 ^ _07580_/Y (sky130_fd_sc_hd__mux2i_1)
             3.3350    0.0000    5.9886 ^ _07652_/A (sky130_fd_sc_hd__buf_2)
   0.0274    0.8589    2.6369    8.6255 ^ _07652_/X (sky130_fd_sc_hd__buf_2)
             0.8589    0.0000    8.6255 ^ _07653_/S1 (sky130_fd_sc_hd__mux4_2)
   0.0052    0.5265    3.6778   12.3033 v _07653_/X (sky130_fd_sc_hd__mux4_2)
             0.5265    0.0000   12.3033 v _08211_/A0 (sky130_fd_sc_hd__mux4_2)
   0.0013    0.4779    4.9449   17.2482 v _08211_/X (sky130_fd_sc_hd__mux4_2)
             0.4779    0.0000   17.2482 v _08212_/B (sky130_fd_sc_hd__and2_0)
   0.0019    0.1435    1.1939   18.4421 v _08212_/X (sky130_fd_sc_hd__and2_0)
             0.1435    0.0000   18.4421 v _08213_/B1 (sky130_fd_sc_hd__a311o_1)
   0.0036    0.2676    2.7618   21.2038 v _08213_/X (sky130_fd_sc_hd__a311o_1)
             0.2676    0.0000   21.2038 v _08215_/B (sky130_fd_sc_hd__nor3b_2)
   0.0034    0.8241    1.1729   22.3768 ^ _08215_/Y (sky130_fd_sc_hd__nor3b_2)
             0.8241    0.0000   22.3768 ^ _08216_/B (sky130_fd_sc_hd__nand2_1)
   0.0014    0.1144    0.5334   22.9102 v _08216_/Y (sky130_fd_sc_hd__nand2_1)
             0.1144    0.0000   22.9102 v _08224_/B1 (sky130_fd_sc_hd__a2bb2o_2)
   0.0081    0.2593    1.7860   24.6962 v _08224_/X (sky130_fd_sc_hd__a2bb2o_2)
             0.2593    0.0000   24.6962 v _08232_/B1 (sky130_fd_sc_hd__a22oi_4)
   0.0140    1.2694    1.3847   26.0809 ^ _08232_/Y (sky130_fd_sc_hd__a22oi_4)
             1.2694    0.0000   26.0809 ^ _08746_/A (sky130_fd_sc_hd__buf_6)
   0.0229    0.3960    1.1861   27.2670 ^ _08746_/X (sky130_fd_sc_hd__buf_6)
             0.3960    0.0000   27.2670 ^ _08748_/A1 (sky130_fd_sc_hd__a21oi_2)
   0.0013    0.1496    0.2730   27.5401 v _08748_/Y (sky130_fd_sc_hd__a21oi_2)
             0.1496    0.0000   27.5401 v core.CPU_Xreg_value_a4[11][24]$_SDFFE_PP0P_/D (sky130_fd_sc_hd__dfxtp_1)
                                27.5401   data arrival time

             0.0000   11.0000   11.0000   clock clk (rise edge)
                       0.0000   11.0000   clock network delay (ideal)
                       0.0000   11.0000   clock reconvergence pessimism
                                11.0000 ^ core.CPU_Xreg_value_a4[11][24]$_SDFFE_PP0P_/CLK (sky130_fd_sc_hd__dfxtp_1)
                      -1.6771    9.3229   library setup time
                                 9.3229   data required time
-------------------------------------------------------------------------------
                                 9.3229   data required time
                               -27.5401   data arrival time
-------------------------------------------------------------------------------
                               -18.2171   slack (VIOLATED)


