Startpoint: core.CPU_Xreg_value_a5[17][9]$_DFF_P_
            (rising edge-triggered flip-flop clocked by clk)
Endpoint: core.OUT[9]$_DFF_P_ (rising edge-triggered flip-flop clocked by clk)
Path Group: clk
Path Type: min

      Cap      Slew     Delay      Time   Description
-------------------------------------------------------------------------------
                       0.0000    0.0000   clock clk (rise edge)
                       0.0000    0.0000   clock source latency
   0.1096    0.0000    0.0000    0.0000 ^ pll/CLK (avsdpll)
             0.0149    0.0075    0.0075 ^ clkbuf_0_CLK/A (sky130_fd_sc_hd__clkbuf_16)
   0.2108    0.2221    0.2399    0.2473 ^ clkbuf_0_CLK/X (sky130_fd_sc_hd__clkbuf_16)
             0.2235    0.0140    0.2614 ^ clkbuf_3_4_0_CLK/A (sky130_fd_sc_hd__clkbuf_16)
   0.1810    0.1920    0.2992    0.5606 ^ clkbuf_3_4_0_CLK/X (sky130_fd_sc_hd__clkbuf_16)
             0.1922    0.0050    0.5656 ^ clkbuf_leaf_31_CLK/A (sky130_fd_sc_hd__clkbuf_16)
   0.0514    0.0714    0.1995    0.7651 ^ clkbuf_leaf_31_CLK/X (sky130_fd_sc_hd__clkbuf_16)
             0.0715    0.0023    0.7674 ^ core.CPU_Xreg_value_a5[17][9]$_DFF_P_/CLK (sky130_fd_sc_hd__dfxtp_1)
   0.0028    0.0407    0.3092    1.0767 ^ core.CPU_Xreg_value_a5[17][9]$_DFF_P_/Q (sky130_fd_sc_hd__dfxtp_1)
             0.0407    0.0001    1.0768 ^ core.OUT[9]$_DFF_P_/D (sky130_fd_sc_hd__dfxtp_1)
                                 1.0768   data arrival time

                       0.0000    0.0000   clock clk (rise edge)
                       0.0000    0.0000   clock source latency
   0.1096    0.0000    0.0000    0.0000 ^ pll/CLK (avsdpll)
             0.0149    0.0075    0.0075 ^ clkbuf_0_CLK/A (sky130_fd_sc_hd__clkbuf_16)
   0.2108    0.2221    0.2399    0.2473 ^ clkbuf_0_CLK/X (sky130_fd_sc_hd__clkbuf_16)
             0.2245    0.0184    0.2658 ^ clkbuf_3_6_0_CLK/A (sky130_fd_sc_hd__clkbuf_16)
   0.2215    0.2319    0.3257    0.5915 ^ clkbuf_3_6_0_CLK/X (sky130_fd_sc_hd__clkbuf_16)
             0.2322    0.0068    0.5983 ^ clkbuf_leaf_28_CLK/A (sky130_fd_sc_hd__clkbuf_16)
   0.0500    0.0708    0.2105    0.8088 ^ clkbuf_leaf_28_CLK/X (sky130_fd_sc_hd__clkbuf_16)
             0.0710    0.0024    0.8112 ^ core.OUT[9]$_DFF_P_/CLK (sky130_fd_sc_hd__dfxtp_1)
                       0.0000    0.8112   clock reconvergence pessimism
                      -0.0269    0.7843   library hold time
                                 0.7843   data required time
-------------------------------------------------------------------------------
                                 0.7843   data required time
                                -1.0768   data arrival time
-------------------------------------------------------------------------------
                                 0.2925   slack (MET)


