Startpoint: core.CPU_is_slli_a3$_DFF_P_
            (rising edge-triggered flip-flop clocked by clk)
Endpoint: core.CPU_Xreg_value_a4[10][24]$_SDFFE_PP0P_
          (rising edge-triggered flip-flop clocked by clk)
Path Group: clk
Path Type: max

      Cap      Slew     Delay      Time   Description
-------------------------------------------------------------------------------
             0.0000    0.0000    0.0000   clock clk (rise edge)
                       0.0000    0.0000   clock network delay (ideal)
             0.0000    0.0000    0.0000 ^ core.CPU_is_slli_a3$_DFF_P_/CLK (sky130_fd_sc_hd__dfxtp_1)
   0.0024    0.0403    0.2680    0.2680 ^ core.CPU_is_slli_a3$_DFF_P_/Q (sky130_fd_sc_hd__dfxtp_1)
             0.0403    0.0000    0.2680 ^ place534/A (sky130_fd_sc_hd__buf_4)
   0.0678    0.2218    0.2294    0.4974 ^ place534/X (sky130_fd_sc_hd__buf_4)
             0.2218    0.0000    0.4974 ^ _07478_/S (sky130_fd_sc_hd__mux2i_4)
   0.0024    0.1228    0.2492    0.7465 ^ _07478_/Y (sky130_fd_sc_hd__mux2i_4)
             0.1228    0.0000    0.7465 ^ place488/A (sky130_fd_sc_hd__buf_4)
   0.1798    0.5671    0.5023    1.2488 ^ place488/X (sky130_fd_sc_hd__buf_4)
             0.5671    0.0000    1.2488 ^ _07653_/S0 (sky130_fd_sc_hd__mux4_2)
   0.0057    0.0896    0.6322    1.8810 v _07653_/X (sky130_fd_sc_hd__mux4_2)
             0.0896    0.0000    1.8810 v _08211_/A0 (sky130_fd_sc_hd__mux4_2)
   0.0015    0.0784    0.4655    2.3465 v _08211_/X (sky130_fd_sc_hd__mux4_2)
             0.0784    0.0000    2.3465 v _08212_/B (sky130_fd_sc_hd__and2_0)
   0.0021    0.0333    0.1561    2.5026 v _08212_/X (sky130_fd_sc_hd__and2_0)
             0.0333    0.0000    2.5026 v _08213_/B1 (sky130_fd_sc_hd__a311o_1)
   0.0039    0.0586    0.2032    2.7058 v _08213_/X (sky130_fd_sc_hd__a311o_1)
             0.0586    0.0000    2.7058 v _08215_/B (sky130_fd_sc_hd__nor3b_2)
   0.0040    0.1433    0.1823    2.8882 ^ _08215_/Y (sky130_fd_sc_hd__nor3b_2)
             0.1433    0.0000    2.8882 ^ _08216_/B (sky130_fd_sc_hd__nand2_1)
   0.0016    0.0322    0.0563    2.9445 v _08216_/Y (sky130_fd_sc_hd__nand2_1)
             0.0322    0.0000    2.9445 v _08224_/B1 (sky130_fd_sc_hd__a2bb2o_2)
   0.0090    0.0571    0.2680    3.2125 v _08224_/X (sky130_fd_sc_hd__a2bb2o_2)
             0.0571    0.0000    3.2125 v _08232_/B1 (sky130_fd_sc_hd__a22oi_4)
   0.0371    0.2825    0.2234    3.4359 ^ _08232_/Y (sky130_fd_sc_hd__a22oi_4)
             0.2825    0.0000    3.4359 ^ _08235_/A2 (sky130_fd_sc_hd__a21oi_1)
   0.0016    0.0530    0.0921    3.5280 v _08235_/Y (sky130_fd_sc_hd__a21oi_1)
             0.0530    0.0000    3.5280 v core.CPU_Xreg_value_a4[10][24]$_SDFFE_PP0P_/D (sky130_fd_sc_hd__dfxtp_1)
                                 3.5280   data arrival time

             0.0000   11.0000   11.0000   clock clk (rise edge)
                       0.0000   11.0000   clock network delay (ideal)
                       0.0000   11.0000   clock reconvergence pessimism
                                11.0000 ^ core.CPU_Xreg_value_a4[10][24]$_SDFFE_PP0P_/CLK (sky130_fd_sc_hd__dfxtp_1)
                      -0.1438   10.8562   library setup time
                                10.8562   data required time
-------------------------------------------------------------------------------
                                10.8562   data required time
                                -3.5280   data arrival time
-------------------------------------------------------------------------------
                                 7.3283   slack (MET)


