Startpoint: core.CPU_is_slli_a3$_DFF_P_
            (rising edge-triggered flip-flop clocked by clk)
Endpoint: core.CPU_Xreg_value_a4[11][24]$_SDFFE_PP0P_
          (rising edge-triggered flip-flop clocked by clk)
Path Group: clk
Path Type: max

      Cap      Slew     Delay      Time   Description
-------------------------------------------------------------------------------
             0.0000    0.0000    0.0000   clock clk (rise edge)
                       0.0000    0.0000   clock network delay (ideal)
             0.0000    0.0000    0.0000 ^ core.CPU_is_slli_a3$_DFF_P_/CLK (sky130_fd_sc_hd__dfxtp_1)
   0.0042    0.1836    1.2195    1.2195 ^ core.CPU_is_slli_a3$_DFF_P_/Q (sky130_fd_sc_hd__dfxtp_1)
             0.1836    0.0000    1.2195 ^ _07425_/A (sky130_fd_sc_hd__buf_6)
   0.0204    0.1989    0.3786    1.5980 ^ _07425_/X (sky130_fd_sc_hd__buf_6)
             0.1989    0.0000    1.5980 ^ _07580_/S (sky130_fd_sc_hd__mux2i_1)
   0.0174    1.8623    1.8017    3.3997 ^ _07580_/Y (sky130_fd_sc_hd__mux2i_1)
             1.8623    0.0000    3.3997 ^ _07652_/A (sky130_fd_sc_hd__buf_2)
   0.0292    0.5382    1.4508    4.8505 ^ _07652_/X (sky130_fd_sc_hd__buf_2)
             0.5382    0.0000    4.8505 ^ _07653_/S1 (sky130_fd_sc_hd__mux4_2)
   0.0054    0.2916    1.9490    6.7994 v _07653_/X (sky130_fd_sc_hd__mux4_2)
             0.2916    0.0000    6.7994 v _08211_/A0 (sky130_fd_sc_hd__mux4_2)
   0.0013    0.2555    2.5671    9.3665 v _08211_/X (sky130_fd_sc_hd__mux4_2)
             0.2555    0.0000    9.3665 v _08212_/B (sky130_fd_sc_hd__and2_0)
   0.0020    0.0923    0.6553   10.0218 v _08212_/X (sky130_fd_sc_hd__and2_0)
             0.0923    0.0000   10.0218 v _08213_/B1 (sky130_fd_sc_hd__a311o_1)
   0.0037    0.1609    1.4743   11.4961 v _08213_/X (sky130_fd_sc_hd__a311o_1)
             0.1609    0.0000   11.4961 v _08215_/B (sky130_fd_sc_hd__nor3b_2)
   0.0037    0.4751    0.6673   12.1634 ^ _08215_/Y (sky130_fd_sc_hd__nor3b_2)
             0.4751    0.0000   12.1634 ^ _08216_/B (sky130_fd_sc_hd__nand2_1)
   0.0015    0.0776    0.2920   12.4554 v _08216_/Y (sky130_fd_sc_hd__nand2_1)
             0.0776    0.0000   12.4554 v _08224_/B1 (sky130_fd_sc_hd__a2bb2o_2)
   0.0084    0.1572    1.0469   13.5023 v _08224_/X (sky130_fd_sc_hd__a2bb2o_2)
             0.1572    0.0000   13.5023 v _08232_/B1 (sky130_fd_sc_hd__a22oi_4)
   0.0149    0.6953    0.7576   14.2599 ^ _08232_/Y (sky130_fd_sc_hd__a22oi_4)
             0.6953    0.0000   14.2599 ^ _08746_/A (sky130_fd_sc_hd__buf_6)
   0.0243    0.2288    0.6591   14.9190 ^ _08746_/X (sky130_fd_sc_hd__buf_6)
             0.2288    0.0000   14.9190 ^ _08748_/A1 (sky130_fd_sc_hd__a21oi_2)
   0.0014    0.1021    0.1604   15.0794 v _08748_/Y (sky130_fd_sc_hd__a21oi_2)
             0.1021    0.0000   15.0794 v core.CPU_Xreg_value_a4[11][24]$_SDFFE_PP0P_/D (sky130_fd_sc_hd__dfxtp_1)
                                15.0794   data arrival time

             0.0000   11.0000   11.0000   clock clk (rise edge)
                       0.0000   11.0000   clock network delay (ideal)
                       0.0000   11.0000   clock reconvergence pessimism
                                11.0000 ^ core.CPU_Xreg_value_a4[11][24]$_SDFFE_PP0P_/CLK (sky130_fd_sc_hd__dfxtp_1)
                      -0.8387   10.1613   library setup time
                                10.1613   data required time
-------------------------------------------------------------------------------
                                10.1613   data required time
                               -15.0794   data arrival time
-------------------------------------------------------------------------------
                                -4.9181   slack (VIOLATED)


