Startpoint: core.CPU_is_slli_a3$_DFF_P_
            (rising edge-triggered flip-flop clocked by clk)
Endpoint: core.CPU_src2_value_a3[24]$_DFF_P_
          (rising edge-triggered flip-flop clocked by clk)
Path Group: clk
Path Type: max

      Cap      Slew     Delay      Time   Description
-------------------------------------------------------------------------------
             0.0000    0.0000    0.0000   clock clk (rise edge)
                       0.0000    0.0000   clock network delay (ideal)
             0.0000    0.0000    0.0000 ^ core.CPU_is_slli_a3$_DFF_P_/CLK (sky130_fd_sc_hd__dfxtp_1)
   0.0024    0.0366    0.2355    0.2355 ^ core.CPU_is_slli_a3$_DFF_P_/Q (sky130_fd_sc_hd__dfxtp_1)
             0.0366    0.0000    0.2355 ^ place534/A (sky130_fd_sc_hd__buf_4)
   0.0692    0.1980    0.2058    0.4413 ^ place534/X (sky130_fd_sc_hd__buf_4)
             0.1980    0.0000    0.4413 ^ _07478_/S (sky130_fd_sc_hd__mux2i_4)
   0.0024    0.1160    0.2156    0.6568 ^ _07478_/Y (sky130_fd_sc_hd__mux2i_4)
             0.1160    0.0000    0.6568 ^ place488/A (sky130_fd_sc_hd__buf_4)
   0.1830    0.5060    0.4484    1.1052 ^ place488/X (sky130_fd_sc_hd__buf_4)
             0.5060    0.0000    1.1052 ^ _07653_/S0 (sky130_fd_sc_hd__mux4_2)
   0.0058    0.0855    0.5225    1.6277 v _07653_/X (sky130_fd_sc_hd__mux4_2)
             0.0855    0.0000    1.6277 v _08211_/A0 (sky130_fd_sc_hd__mux4_2)
   0.0016    0.0735    0.3888    2.0165 v _08211_/X (sky130_fd_sc_hd__mux4_2)
             0.0735    0.0000    2.0165 v _08212_/B (sky130_fd_sc_hd__and2_0)
   0.0021    0.0310    0.1394    2.1559 v _08212_/X (sky130_fd_sc_hd__and2_0)
             0.0310    0.0000    2.1559 v _08213_/B1 (sky130_fd_sc_hd__a311o_1)
   0.0040    0.0542    0.1743    2.3302 v _08213_/X (sky130_fd_sc_hd__a311o_1)
             0.0542    0.0000    2.3302 v _08215_/B (sky130_fd_sc_hd__nor3b_2)
   0.0041    0.1270    0.1581    2.4883 ^ _08215_/Y (sky130_fd_sc_hd__nor3b_2)
             0.1270    0.0000    2.4883 ^ _08216_/B (sky130_fd_sc_hd__nand2_1)
   0.0016    0.0302    0.0474    2.5357 v _08216_/Y (sky130_fd_sc_hd__nand2_1)
             0.0302    0.0000    2.5357 v _08224_/B1 (sky130_fd_sc_hd__a2bb2o_2)
   0.0092    0.0531    0.2351    2.7708 v _08224_/X (sky130_fd_sc_hd__a2bb2o_2)
             0.0531    0.0000    2.7708 v _09898_/B1_N (sky130_fd_sc_hd__a21boi_0)
   0.0043    0.0647    0.1146    2.8854 v _09898_/Y (sky130_fd_sc_hd__a21boi_0)
             0.0647    0.0000    2.8854 v _10251_/A1 (sky130_fd_sc_hd__o21a_1)
   0.0017    0.0265    0.1674    3.0527 v _10251_/X (sky130_fd_sc_hd__o21a_1)
             0.0265    0.0000    3.0527 v core.CPU_src2_value_a3[24]$_DFF_P_/D (sky130_fd_sc_hd__dfxtp_1)
                                 3.0527   data arrival time

             0.0000   11.0000   11.0000   clock clk (rise edge)
                       0.0000   11.0000   clock network delay (ideal)
                       0.0000   11.0000   clock reconvergence pessimism
                                11.0000 ^ core.CPU_src2_value_a3[24]$_DFF_P_/CLK (sky130_fd_sc_hd__dfxtp_1)
                      -0.1092   10.8908   library setup time
                                10.8908   data required time
-------------------------------------------------------------------------------
                                10.8908   data required time
                                -3.0527   data arrival time
-------------------------------------------------------------------------------
                                 7.8380   slack (MET)


