Startpoint: core.CPU_Xreg_value_a5[17][9]$_DFF_P_
            (rising edge-triggered flip-flop clocked by clk)
Endpoint: core.OUT[9]$_DFF_P_ (rising edge-triggered flip-flop clocked by clk)
Path Group: clk
Path Type: min

      Cap      Slew     Delay      Time   Description
-------------------------------------------------------------------------------
                       0.0000    0.0000   clock clk (rise edge)
                       0.0000    0.0000   clock source latency
   0.1099    0.0000    0.0000    0.0000 ^ pll/CLK (avsdpll)
             0.0150    0.0075    0.0075 ^ clkbuf_0_CLK/A (sky130_fd_sc_hd__clkbuf_16)
   0.2133    0.1639    0.1714    0.1789 ^ clkbuf_0_CLK/X (sky130_fd_sc_hd__clkbuf_16)
             0.1658    0.0142    0.1931 ^ clkbuf_3_4_0_CLK/A (sky130_fd_sc_hd__clkbuf_16)
   0.1846    0.1452    0.2009    0.3939 ^ clkbuf_3_4_0_CLK/X (sky130_fd_sc_hd__clkbuf_16)
             0.1455    0.0051    0.3990 ^ clkbuf_leaf_31_CLK/A (sky130_fd_sc_hd__clkbuf_16)
   0.0531    0.0570    0.1344    0.5334 ^ clkbuf_leaf_31_CLK/X (sky130_fd_sc_hd__clkbuf_16)
             0.0573    0.0024    0.5358 ^ core.CPU_Xreg_value_a5[17][9]$_DFF_P_/CLK (sky130_fd_sc_hd__dfxtp_1)
   0.0029    0.0308    0.1974    0.7332 ^ core.CPU_Xreg_value_a5[17][9]$_DFF_P_/Q (sky130_fd_sc_hd__dfxtp_1)
             0.0308    0.0001    0.7333 ^ core.OUT[9]$_DFF_P_/D (sky130_fd_sc_hd__dfxtp_1)
                                 0.7333   data arrival time

                       0.0000    0.0000   clock clk (rise edge)
                       0.0000    0.0000   clock source latency
   0.1099    0.0000    0.0000    0.0000 ^ pll/CLK (avsdpll)
             0.0150    0.0075    0.0075 ^ clkbuf_0_CLK/A (sky130_fd_sc_hd__clkbuf_16)
   0.2133    0.1639    0.1714    0.1789 ^ clkbuf_0_CLK/X (sky130_fd_sc_hd__clkbuf_16)
             0.1673    0.0186    0.1975 ^ clkbuf_3_6_0_CLK/A (sky130_fd_sc_hd__clkbuf_16)
   0.2258    0.1740    0.2189    0.4164 ^ clkbuf_3_6_0_CLK/X (sky130_fd_sc_hd__clkbuf_16)
             0.1744    0.0069    0.4233 ^ clkbuf_leaf_28_CLK/A (sky130_fd_sc_hd__clkbuf_16)
   0.0520    0.0572    0.1381    0.5614 ^ clkbuf_leaf_28_CLK/X (sky130_fd_sc_hd__clkbuf_16)
             0.0574    0.0025    0.5639 ^ core.OUT[9]$_DFF_P_/CLK (sky130_fd_sc_hd__dfxtp_1)
                       0.0000    0.5639   clock reconvergence pessimism
                      -0.0171    0.5468   library hold time
                                 0.5468   data required time
-------------------------------------------------------------------------------
                                 0.5468   data required time
                                -0.7333   data arrival time
-------------------------------------------------------------------------------
                                 0.1865   slack (MET)


