Startpoint: core.CPU_Xreg_value_a5[17][9]$_DFF_P_
            (rising edge-triggered flip-flop clocked by clk)
Endpoint: core.OUT[9]$_DFF_P_ (rising edge-triggered flip-flop clocked by clk)
Path Group: clk
Path Type: min

      Cap      Slew     Delay      Time   Description
-------------------------------------------------------------------------------
                       0.0000    0.0000   clock clk (rise edge)
                       0.0000    0.0000   clock source latency
   0.0073    0.0000    0.0000    0.0000 ^ pll/CLK (avsdpll)
             0.0000    0.0000    0.0000 ^ clkbuf_0_CLK/A (sky130_fd_sc_hd__clkbuf_16)
   0.0501    0.4370    0.6158    0.6158 ^ clkbuf_0_CLK/X (sky130_fd_sc_hd__clkbuf_16)
             0.4370    0.0000    0.6158 ^ clkbuf_3_4_0_CLK/A (sky130_fd_sc_hd__clkbuf_16)
   0.0829    0.6509    1.0386    1.6545 ^ clkbuf_3_4_0_CLK/X (sky130_fd_sc_hd__clkbuf_16)
             0.6509    0.0000    1.6545 ^ clkbuf_leaf_31_CLK/A (sky130_fd_sc_hd__clkbuf_16)
   0.0195    0.2400    0.8591    2.5136 ^ clkbuf_leaf_31_CLK/X (sky130_fd_sc_hd__clkbuf_16)
             0.2400    0.0000    2.5136 ^ core.CPU_Xreg_value_a5[17][9]$_DFF_P_/CLK (sky130_fd_sc_hd__dfxtp_1)
   0.0013    0.0743    1.6007    4.1143 v core.CPU_Xreg_value_a5[17][9]$_DFF_P_/Q (sky130_fd_sc_hd__dfxtp_1)
             0.0743    0.0000    4.1143 v core.OUT[9]$_DFF_P_/D (sky130_fd_sc_hd__dfxtp_1)
                                 4.1143   data arrival time

                       0.0000    0.0000   clock clk (rise edge)
                       0.0000    0.0000   clock source latency
   0.0073    0.0000    0.0000    0.0000 ^ pll/CLK (avsdpll)
             0.0000    0.0000    0.0000 ^ clkbuf_0_CLK/A (sky130_fd_sc_hd__clkbuf_16)
   0.0501    0.4370    0.6158    0.6158 ^ clkbuf_0_CLK/X (sky130_fd_sc_hd__clkbuf_16)
             0.4370    0.0000    0.6158 ^ clkbuf_3_6_0_CLK/A (sky130_fd_sc_hd__clkbuf_16)
   0.0954    0.7317    1.0985    1.7144 ^ clkbuf_3_6_0_CLK/X (sky130_fd_sc_hd__clkbuf_16)
             0.7317    0.0000    1.7144 ^ clkbuf_leaf_28_CLK/A (sky130_fd_sc_hd__clkbuf_16)
   0.0222    0.2579    0.9196    2.6340 ^ clkbuf_leaf_28_CLK/X (sky130_fd_sc_hd__clkbuf_16)
             0.2579    0.0000    2.6340 ^ core.OUT[9]$_DFF_P_/CLK (sky130_fd_sc_hd__dfxtp_1)
                       0.0000    2.6340   clock reconvergence pessimism
                      -0.2609    2.3731   library hold time
                                 2.3731   data required time
-------------------------------------------------------------------------------
                                 2.3731   data required time
                                -4.1143   data arrival time
-------------------------------------------------------------------------------
                                 1.7412   slack (MET)


