Startpoint: core.CPU_Xreg_value_a5[17][9]$_DFF_P_
            (rising edge-triggered flip-flop clocked by clk)
Endpoint: core.OUT[9]$_DFF_P_ (rising edge-triggered flip-flop clocked by clk)
Path Group: clk
Path Type: min

      Cap      Slew     Delay      Time   Description
-------------------------------------------------------------------------------
                       0.0000    0.0000   clock clk (rise edge)
                       0.0000    0.0000   clock source latency
   0.1098    0.0000    0.0000    0.0000 ^ pll/CLK (avsdpll)
             0.0150    0.0075    0.0075 ^ clkbuf_0_CLK/A (sky130_fd_sc_hd__clkbuf_16)
   0.2124    0.2137    0.2356    0.2431 ^ clkbuf_0_CLK/X (sky130_fd_sc_hd__clkbuf_16)
             0.2152    0.0142    0.2573 ^ clkbuf_3_4_0_CLK/A (sky130_fd_sc_hd__clkbuf_16)
   0.1836    0.1874    0.2900    0.5473 ^ clkbuf_3_4_0_CLK/X (sky130_fd_sc_hd__clkbuf_16)
             0.1877    0.0051    0.5524 ^ clkbuf_leaf_31_CLK/A (sky130_fd_sc_hd__clkbuf_16)
   0.0521    0.0719    0.1962    0.7486 ^ clkbuf_leaf_31_CLK/X (sky130_fd_sc_hd__clkbuf_16)
             0.0721    0.0024    0.7510 ^ core.CPU_Xreg_value_a5[17][9]$_DFF_P_/CLK (sky130_fd_sc_hd__dfxtp_1)
   0.0028    0.0290    0.3057    1.0567 v core.CPU_Xreg_value_a5[17][9]$_DFF_P_/Q (sky130_fd_sc_hd__dfxtp_1)
             0.0290    0.0001    1.0568 v core.OUT[9]$_DFF_P_/D (sky130_fd_sc_hd__dfxtp_1)
                                 1.0568   data arrival time

                       0.0000    0.0000   clock clk (rise edge)
                       0.0000    0.0000   clock source latency
   0.1098    0.0000    0.0000    0.0000 ^ pll/CLK (avsdpll)
             0.0150    0.0075    0.0075 ^ clkbuf_0_CLK/A (sky130_fd_sc_hd__clkbuf_16)
   0.2124    0.2137    0.2356    0.2431 ^ clkbuf_0_CLK/X (sky130_fd_sc_hd__clkbuf_16)
             0.2163    0.0186    0.2617 ^ clkbuf_3_6_0_CLK/A (sky130_fd_sc_hd__clkbuf_16)
   0.2245    0.2246    0.3148    0.5765 ^ clkbuf_3_6_0_CLK/X (sky130_fd_sc_hd__clkbuf_16)
             0.2249    0.0069    0.5834 ^ clkbuf_leaf_28_CLK/A (sky130_fd_sc_hd__clkbuf_16)
   0.0508    0.0718    0.2059    0.7893 ^ clkbuf_leaf_28_CLK/X (sky130_fd_sc_hd__clkbuf_16)
             0.0719    0.0024    0.7918 ^ core.OUT[9]$_DFF_P_/CLK (sky130_fd_sc_hd__dfxtp_1)
                       0.0000    0.7918   clock reconvergence pessimism
                      -0.0335    0.7583   library hold time
                                 0.7583   data required time
-------------------------------------------------------------------------------
                                 0.7583   data required time
                                -1.0568   data arrival time
-------------------------------------------------------------------------------
                                 0.2985   slack (MET)


