Startpoint: core.CPU_is_slli_a3$_DFF_P_
            (rising edge-triggered flip-flop clocked by clk)
Endpoint: core.CPU_Xreg_value_a4[17][29]$_SDFFE_PP0P_
          (rising edge-triggered flip-flop clocked by clk)
Path Group: clk
Path Type: max

      Cap      Slew     Delay      Time   Description
-------------------------------------------------------------------------------
                       0.0000    0.0000   clock clk (rise edge)
                       0.0000    0.0000   clock source latency
   0.1099    0.0000    0.0000    0.0000 ^ pll/CLK (avsdpll)
             0.0150    0.0075    0.0075 ^ clkbuf_0_CLK/A (sky130_fd_sc_hd__clkbuf_16)
   0.2133    0.1639    0.1714    0.1789 ^ clkbuf_0_CLK/X (sky130_fd_sc_hd__clkbuf_16)
             0.1688    0.0223    0.2012 ^ clkbuf_3_1_0_CLK/A (sky130_fd_sc_hd__clkbuf_16)
   0.1933    0.1512    0.2049    0.4061 ^ clkbuf_3_1_0_CLK/X (sky130_fd_sc_hd__clkbuf_16)
             0.1516    0.0061    0.4122 ^ clkbuf_leaf_51_CLK/A (sky130_fd_sc_hd__clkbuf_16)
   0.0667    0.0660    0.1423    0.5545 ^ clkbuf_leaf_51_CLK/X (sky130_fd_sc_hd__clkbuf_16)
             0.0661    0.0023    0.5568 ^ core.CPU_is_slli_a3$_DFF_P_/CLK (sky130_fd_sc_hd__dfxtp_1)
   0.0048    0.0416    0.2087    0.7655 ^ core.CPU_is_slli_a3$_DFF_P_/Q (sky130_fd_sc_hd__dfxtp_1)
             0.0416    0.0002    0.7657 ^ place534/A (sky130_fd_sc_hd__buf_4)
   0.1015    0.1943    0.1885    0.9542 ^ place534/X (sky130_fd_sc_hd__buf_4)
             0.1944    0.0030    0.9571 ^ _07478_/S (sky130_fd_sc_hd__mux2i_4)
   0.0040    0.1212    0.1562    1.1134 ^ _07478_/Y (sky130_fd_sc_hd__mux2i_4)
             0.1212    0.0001    1.1135 ^ place488/A (sky130_fd_sc_hd__buf_4)
   0.2565    0.4797    0.3876    1.5011 ^ place488/X (sky130_fd_sc_hd__buf_4)
             0.4799    0.0086    1.5097 ^ _07710_/S (sky130_fd_sc_hd__mux2i_1)
   0.0197    0.3026    0.2756    1.7852 ^ _07710_/Y (sky130_fd_sc_hd__mux2i_1)
             0.3026    0.0011    1.7863 ^ _07711_/C (sky130_fd_sc_hd__nand3_1)
   0.0021    0.0870    0.0542    1.8406 v _07711_/Y (sky130_fd_sc_hd__nand3_1)
             0.0870    0.0000    1.8406 v _07712_/B1_N (sky130_fd_sc_hd__a21boi_0)
   0.0080    0.1409    0.1203    1.9609 v _07712_/Y (sky130_fd_sc_hd__a21boi_0)
             0.1409    0.0004    1.9613 v place383/A (sky130_fd_sc_hd__buf_4)
   0.0194    0.0373    0.1337    2.0950 v place383/X (sky130_fd_sc_hd__buf_4)
             0.0374    0.0014    2.0965 v _07713_/A1 (sky130_fd_sc_hd__mux2_2)
   0.0058    0.0473    0.1516    2.2480 v _07713_/X (sky130_fd_sc_hd__mux2_2)
             0.0473    0.0001    2.2481 v _08447_/A1 (sky130_fd_sc_hd__o21ai_0)
   0.0238    0.4798    0.3684    2.6165 ^ _08447_/Y (sky130_fd_sc_hd__o21ai_0)
             0.4798    0.0015    2.6180 ^ _08448_/B1 (sky130_fd_sc_hd__a32oi_1)
   0.0122    0.1567    0.1076    2.7256 v _08448_/Y (sky130_fd_sc_hd__a32oi_1)
             0.1567    0.0005    2.7262 v _08450_/A3 (sky130_fd_sc_hd__o31ai_1)
   0.0376    0.7250    0.5724    3.2986 ^ _08450_/Y (sky130_fd_sc_hd__o31ai_1)
             0.7250    0.0015    3.3000 ^ _08451_/B (sky130_fd_sc_hd__nand2_1)
   0.0343    0.3076    0.2599    3.5600 v _08451_/Y (sky130_fd_sc_hd__nand2_1)
             0.3076    0.0017    3.5616 v _08960_/A1 (sky130_fd_sc_hd__o21ai_0)
   0.0049    0.1558    0.1801    3.7417 ^ _08960_/Y (sky130_fd_sc_hd__o21ai_0)
             0.1558    0.0002    3.7419 ^ core.CPU_Xreg_value_a4[17][29]$_SDFFE_PP0P_/D (sky130_fd_sc_hd__dfxtp_1)
                                 3.7419   data arrival time

                      11.0000   11.0000   clock clk (rise edge)
                       0.0000   11.0000   clock source latency
   0.1099    0.0000    0.0000   11.0000 ^ pll/CLK (avsdpll)
             0.0150    0.0075   11.0075 ^ clkbuf_0_CLK/A (sky130_fd_sc_hd__clkbuf_16)
   0.2133    0.1639    0.1714   11.1789 ^ clkbuf_0_CLK/X (sky130_fd_sc_hd__clkbuf_16)
             0.1679    0.0202   11.1991 ^ clkbuf_3_3_0_CLK/A (sky130_fd_sc_hd__clkbuf_16)
   0.1853    0.1453    0.1995   11.3986 ^ clkbuf_3_3_0_CLK/X (sky130_fd_sc_hd__clkbuf_16)
             0.1464    0.0103   11.4088 ^ clkbuf_leaf_38_CLK/A (sky130_fd_sc_hd__clkbuf_16)
   0.0544    0.0579    0.1354   11.5442 ^ clkbuf_leaf_38_CLK/X (sky130_fd_sc_hd__clkbuf_16)
             0.0580    0.0019   11.5462 ^ core.CPU_Xreg_value_a4[17][29]$_SDFFE_PP0P_/CLK (sky130_fd_sc_hd__dfxtp_1)
                       0.0000   11.5462   clock reconvergence pessimism
                      -0.0427   11.5035   library setup time
                                11.5035   data required time
-------------------------------------------------------------------------------
                                11.5035   data required time
                                -3.7419   data arrival time
-------------------------------------------------------------------------------
                                 7.7616   slack (MET)


