Startpoint: core.CPU_is_slli_a3$_DFF_P_
            (rising edge-triggered flip-flop clocked by clk)
Endpoint: core.CPU_Xreg_value_a4[10][24]$_SDFFE_PP0P_
          (rising edge-triggered flip-flop clocked by clk)
Path Group: clk
Path Type: max

      Cap      Slew     Delay      Time   Description
-------------------------------------------------------------------------------
             0.0000    0.0000    0.0000   clock clk (rise edge)
                       0.0000    0.0000   clock network delay (ideal)
             0.0000    0.0000    0.0000 ^ core.CPU_is_slli_a3$_DFF_P_/CLK (sky130_fd_sc_hd__dfxtp_1)
   0.0025    0.0677    0.5872    0.5872 ^ core.CPU_is_slli_a3$_DFF_P_/Q (sky130_fd_sc_hd__dfxtp_1)
             0.0677    0.0000    0.5872 ^ place534/A (sky130_fd_sc_hd__buf_4)
   0.0712    0.3216    0.3912    0.9784 ^ place534/X (sky130_fd_sc_hd__buf_4)
             0.3216    0.0000    0.9784 ^ _07478_/S (sky130_fd_sc_hd__mux2i_4)
   0.0025    0.1598    0.4474    1.4258 ^ _07478_/Y (sky130_fd_sc_hd__mux2i_4)
             0.1598    0.0000    1.4258 ^ place488/A (sky130_fd_sc_hd__buf_4)
   0.1765    0.7633    0.7507    2.1765 ^ place488/X (sky130_fd_sc_hd__buf_4)
             0.7633    0.0000    2.1765 ^ _07653_/S0 (sky130_fd_sc_hd__mux4_2)
   0.0061    0.1731    1.3500    3.5265 v _07653_/X (sky130_fd_sc_hd__mux4_2)
             0.1731    0.0000    3.5265 v _08211_/A0 (sky130_fd_sc_hd__mux4_2)
   0.0015    0.1335    1.0228    4.5492 v _08211_/X (sky130_fd_sc_hd__mux4_2)
             0.1335    0.0000    4.5492 v _08212_/B (sky130_fd_sc_hd__and2_0)
   0.0022    0.0701    0.3195    4.8688 v _08212_/X (sky130_fd_sc_hd__and2_0)
             0.0701    0.0000    4.8688 v _08213_/B1 (sky130_fd_sc_hd__a311o_1)
   0.0042    0.1128    0.6063    5.4751 v _08213_/X (sky130_fd_sc_hd__a311o_1)
             0.1128    0.0000    5.4751 v _08215_/B (sky130_fd_sc_hd__nor3b_2)
   0.0042    0.2240    0.2917    5.7668 ^ _08215_/Y (sky130_fd_sc_hd__nor3b_2)
             0.2240    0.0000    5.7668 ^ _08216_/B (sky130_fd_sc_hd__nand2_1)
   0.0016    0.0653    0.1455    5.9123 v _08216_/Y (sky130_fd_sc_hd__nand2_1)
             0.0653    0.0000    5.9123 v _08224_/B1 (sky130_fd_sc_hd__a2bb2o_2)
   0.0095    0.1153    0.5462    6.4586 v _08224_/X (sky130_fd_sc_hd__a2bb2o_2)
             0.1153    0.0000    6.4586 v _08232_/B1 (sky130_fd_sc_hd__a22oi_4)
   0.0397    0.5391    0.4761    6.9346 ^ _08232_/Y (sky130_fd_sc_hd__a22oi_4)
             0.5391    0.0000    6.9346 ^ _08235_/A2 (sky130_fd_sc_hd__a21oi_1)
   0.0016    0.1114    0.2675    7.2021 v _08235_/Y (sky130_fd_sc_hd__a21oi_1)
             0.1114    0.0000    7.2021 v core.CPU_Xreg_value_a4[10][24]$_SDFFE_PP0P_/D (sky130_fd_sc_hd__dfxtp_1)
                                 7.2021   data arrival time

             0.0000   11.0000   11.0000   clock clk (rise edge)
                       0.0000   11.0000   clock network delay (ideal)
                       0.0000   11.0000   clock reconvergence pessimism
                                11.0000 ^ core.CPU_Xreg_value_a4[10][24]$_SDFFE_PP0P_/CLK (sky130_fd_sc_hd__dfxtp_1)
                      -0.3050   10.6950   library setup time
                                10.6950   data required time
-------------------------------------------------------------------------------
                                10.6950   data required time
                                -7.2021   data arrival time
-------------------------------------------------------------------------------
                                 3.4928   slack (MET)


