Startpoint: core.CPU_is_slli_a3$_DFF_P_
            (rising edge-triggered flip-flop clocked by clk)
Endpoint: core.CPU_Xreg_value_a4[17][29]$_SDFFE_PP0P_
          (rising edge-triggered flip-flop clocked by clk)
Path Group: clk
Path Type: max

      Cap      Slew     Delay      Time   Description
-------------------------------------------------------------------------------
                       0.0000    0.0000   clock clk (rise edge)
                       0.0000    0.0000   clock source latency
   0.1096    0.0000    0.0000    0.0000 ^ pll/CLK (avsdpll)
             0.0149    0.0075    0.0075 ^ clkbuf_0_CLK/A (sky130_fd_sc_hd__clkbuf_16)
   0.2109    0.3328    0.3989    0.4063 ^ clkbuf_0_CLK/X (sky130_fd_sc_hd__clkbuf_16)
             0.3351    0.0223    0.4286 ^ clkbuf_3_1_0_CLK/A (sky130_fd_sc_hd__clkbuf_16)
   0.1885    0.2985    0.5256    0.9542 ^ clkbuf_3_1_0_CLK/X (sky130_fd_sc_hd__clkbuf_16)
             0.2988    0.0060    0.9602 ^ clkbuf_leaf_51_CLK/A (sky130_fd_sc_hd__clkbuf_16)
   0.0618    0.1241    0.3750    1.3352 ^ clkbuf_leaf_51_CLK/X (sky130_fd_sc_hd__clkbuf_16)
             0.1241    0.0022    1.3374 ^ core.CPU_is_slli_a3$_DFF_P_/CLK (sky130_fd_sc_hd__dfxtp_1)
   0.0047    0.0935    0.6709    2.0083 ^ core.CPU_is_slli_a3$_DFF_P_/Q (sky130_fd_sc_hd__dfxtp_1)
             0.0935    0.0002    2.0084 ^ place534/A (sky130_fd_sc_hd__buf_4)
   0.0976    0.4261    0.4772    2.4856 ^ place534/X (sky130_fd_sc_hd__buf_4)
             0.4262    0.0028    2.4884 ^ _07478_/S (sky130_fd_sc_hd__mux2i_4)
   0.0038    0.1839    0.4995    2.9879 ^ _07478_/Y (sky130_fd_sc_hd__mux2i_4)
             0.1839    0.0001    2.9881 ^ place488/A (sky130_fd_sc_hd__buf_4)
   0.2411    1.0309    0.9421    3.9301 ^ place488/X (sky130_fd_sc_hd__buf_4)
             1.0310    0.0081    3.9382 ^ _07710_/S (sky130_fd_sc_hd__mux2i_1)
   0.0193    0.7369    0.9908    4.9290 ^ _07710_/Y (sky130_fd_sc_hd__mux2i_1)
             0.7369    0.0011    4.9300 ^ _07711_/C (sky130_fd_sc_hd__nand3_1)
   0.0018    0.1809    0.3301    5.2602 v _07711_/Y (sky130_fd_sc_hd__nand3_1)
             0.1809    0.0000    5.2602 v _07712_/B1_N (sky130_fd_sc_hd__a21boi_0)
   0.0078    0.2879    0.3411    5.6014 v _07712_/Y (sky130_fd_sc_hd__a21boi_0)
             0.2879    0.0004    5.6018 v place383/A (sky130_fd_sc_hd__buf_4)
   0.0191    0.0761    0.3764    5.9782 v place383/X (sky130_fd_sc_hd__buf_4)
             0.0761    0.0014    5.9796 v _07713_/A1 (sky130_fd_sc_hd__mux2_2)
   0.0056    0.1069    0.5686    6.5482 v _07713_/X (sky130_fd_sc_hd__mux2_2)
             0.1069    0.0001    6.5483 v _08447_/A1 (sky130_fd_sc_hd__o21ai_0)
   0.0237    1.3205    1.1054    7.6537 ^ _08447_/Y (sky130_fd_sc_hd__o21ai_0)
             1.3205    0.0015    7.6552 ^ _08448_/B1 (sky130_fd_sc_hd__a32oi_1)
   0.0120    0.4087    0.5959    8.2511 v _08448_/Y (sky130_fd_sc_hd__a32oi_1)
             0.4087    0.0005    8.2516 v _08450_/A3 (sky130_fd_sc_hd__o31ai_1)
   0.0375    2.0089    1.7555   10.0071 ^ _08450_/Y (sky130_fd_sc_hd__o31ai_1)
             2.0089    0.0015   10.0085 ^ _08451_/B (sky130_fd_sc_hd__nand2_1)
   0.0329    0.7360    1.1461   11.1546 v _08451_/Y (sky130_fd_sc_hd__nand2_1)
             0.7360    0.0016   11.1562 v _08960_/A1 (sky130_fd_sc_hd__o21ai_0)
   0.0047    0.3650    0.6073   11.7635 ^ _08960_/Y (sky130_fd_sc_hd__o21ai_0)
             0.3650    0.0002   11.7637 ^ core.CPU_Xreg_value_a4[17][29]$_SDFFE_PP0P_/D (sky130_fd_sc_hd__dfxtp_1)
                                11.7637   data arrival time

                      11.0000   11.0000   clock clk (rise edge)
                       0.0000   11.0000   clock source latency
   0.1096    0.0000    0.0000   11.0000 ^ pll/CLK (avsdpll)
             0.0149    0.0075   11.0075 ^ clkbuf_0_CLK/A (sky130_fd_sc_hd__clkbuf_16)
   0.2109    0.3328    0.3989   11.4063 ^ clkbuf_0_CLK/X (sky130_fd_sc_hd__clkbuf_16)
             0.3347    0.0202   11.4265 ^ clkbuf_3_3_0_CLK/A (sky130_fd_sc_hd__clkbuf_16)
   0.1821    0.2908    0.5167   11.9432 ^ clkbuf_3_3_0_CLK/X (sky130_fd_sc_hd__clkbuf_16)
             0.2915    0.0101   11.9533 ^ clkbuf_leaf_38_CLK/A (sky130_fd_sc_hd__clkbuf_16)
   0.0507    0.1090    0.3601   12.3134 ^ clkbuf_leaf_38_CLK/X (sky130_fd_sc_hd__clkbuf_16)
             0.1091    0.0018   12.3153 ^ core.CPU_Xreg_value_a4[17][29]$_SDFFE_PP0P_/CLK (sky130_fd_sc_hd__dfxtp_1)
                       0.0000   12.3153   clock reconvergence pessimism
                      -0.1984   12.1169   library setup time
                                12.1169   data required time
-------------------------------------------------------------------------------
                                12.1169   data required time
                               -11.7637   data arrival time
-------------------------------------------------------------------------------
                                 0.3532   slack (MET)


