Startpoint: core.CPU_is_slli_a3$_DFF_P_
            (rising edge-triggered flip-flop clocked by clk)
Endpoint: core.CPU_Xreg_value_a4[10][24]$_SDFFE_PP0P_
          (rising edge-triggered flip-flop clocked by clk)
Path Group: clk
Path Type: max

      Cap      Slew     Delay      Time   Description
-------------------------------------------------------------------------------
             0.0000    0.0000    0.0000   clock clk (rise edge)
                       0.0000    0.0000   clock network delay (ideal)
             0.0000    0.0000    0.0000 ^ core.CPU_is_slli_a3$_DFF_P_/CLK (sky130_fd_sc_hd__dfxtp_1)
   0.0024    0.0752    0.6349    0.6349 ^ core.CPU_is_slli_a3$_DFF_P_/Q (sky130_fd_sc_hd__dfxtp_1)
             0.0752    0.0000    0.6349 ^ place534/A (sky130_fd_sc_hd__buf_4)
   0.0667    0.4041    0.4446    1.0795 ^ place534/X (sky130_fd_sc_hd__buf_4)
             0.4041    0.0000    1.0795 ^ _07478_/S (sky130_fd_sc_hd__mux2i_4)
   0.0024    0.1936    0.5347    1.6141 ^ _07478_/Y (sky130_fd_sc_hd__mux2i_4)
             0.1936    0.0000    1.6141 ^ place488/A (sky130_fd_sc_hd__buf_4)
   0.1701    0.9855    0.9356    2.5497 ^ place488/X (sky130_fd_sc_hd__buf_4)
             0.9855    0.0000    2.5497 ^ _07653_/S0 (sky130_fd_sc_hd__mux4_2)
   0.0057    0.1603    1.6439    4.1936 v _07653_/X (sky130_fd_sc_hd__mux4_2)
             0.1603    0.0000    4.1936 v _08211_/A0 (sky130_fd_sc_hd__mux4_2)
   0.0014    0.1349    1.2549    5.4485 v _08211_/X (sky130_fd_sc_hd__mux4_2)
             0.1349    0.0000    5.4485 v _08212_/B (sky130_fd_sc_hd__and2_0)
   0.0021    0.0590    0.3483    5.7968 v _08212_/X (sky130_fd_sc_hd__and2_0)
             0.0590    0.0000    5.7968 v _08213_/B1 (sky130_fd_sc_hd__a311o_1)
   0.0039    0.0996    0.7717    6.5686 v _08213_/X (sky130_fd_sc_hd__a311o_1)
             0.0996    0.0000    6.5686 v _08215_/B (sky130_fd_sc_hd__nor3b_2)
   0.0039    0.2707    0.3677    6.9362 ^ _08215_/Y (sky130_fd_sc_hd__nor3b_2)
             0.2707    0.0000    6.9362 ^ _08216_/B (sky130_fd_sc_hd__nand2_1)
   0.0015    0.0521    0.1524    7.0886 v _08216_/Y (sky130_fd_sc_hd__nand2_1)
             0.0521    0.0000    7.0886 v _08224_/B1 (sky130_fd_sc_hd__a2bb2o_2)
   0.0089    0.0978    0.5887    7.6773 v _08224_/X (sky130_fd_sc_hd__a2bb2o_2)
             0.0978    0.0000    7.6773 v _08232_/B1 (sky130_fd_sc_hd__a22oi_4)
   0.0372    0.6894    0.6460    8.3233 ^ _08232_/Y (sky130_fd_sc_hd__a22oi_4)
             0.6894    0.0000    8.3233 ^ _08235_/A2 (sky130_fd_sc_hd__a21oi_1)
   0.0015    0.0903    0.3083    8.6316 v _08235_/Y (sky130_fd_sc_hd__a21oi_1)
             0.0903    0.0000    8.6316 v core.CPU_Xreg_value_a4[10][24]$_SDFFE_PP0P_/D (sky130_fd_sc_hd__dfxtp_1)
                                 8.6316   data arrival time

             0.0000   11.0000   11.0000   clock clk (rise edge)
                       0.0000   11.0000   clock network delay (ideal)
                       0.0000   11.0000   clock reconvergence pessimism
                                11.0000 ^ core.CPU_Xreg_value_a4[10][24]$_SDFFE_PP0P_/CLK (sky130_fd_sc_hd__dfxtp_1)
                      -0.3949   10.6051   library setup time
                                10.6051   data required time
-------------------------------------------------------------------------------
                                10.6051   data required time
                                -8.6316   data arrival time
-------------------------------------------------------------------------------
                                 1.9735   slack (MET)


