Startpoint: core.CPU_is_slli_a3$_DFF_P_
            (rising edge-triggered flip-flop clocked by clk)
Endpoint: core.CPU_Xreg_value_a4[1][24]$_SDFFE_PP0P_
          (rising edge-triggered flip-flop clocked by clk)
Path Group: clk
Path Type: max

      Cap      Slew     Delay      Time   Description
-------------------------------------------------------------------------------
             0.0000    0.0000    0.0000   clock clk (rise edge)
                       0.0000    0.0000   clock network delay (ideal)
             0.0000    0.0000    0.0000 ^ core.CPU_is_slli_a3$_DFF_P_/CLK (sky130_fd_sc_hd__dfxtp_1)
   0.0046    0.0887    0.4819    0.4819 ^ core.CPU_is_slli_a3$_DFF_P_/Q (sky130_fd_sc_hd__dfxtp_1)
             0.0887    0.0000    0.4819 ^ _07425_/A (sky130_fd_sc_hd__buf_6)
   0.0224    0.0881    0.1753    0.6572 ^ _07425_/X (sky130_fd_sc_hd__buf_6)
             0.0881    0.0000    0.6572 ^ _07478_/S (sky130_fd_sc_hd__mux2i_4)
   0.0387    0.5472    0.5991    1.2563 ^ _07478_/Y (sky130_fd_sc_hd__mux2i_4)
             0.5472    0.0000    1.2563 ^ _07482_/A (sky130_fd_sc_hd__buf_6)
   0.0486    0.1677    0.3883    1.6446 ^ _07482_/X (sky130_fd_sc_hd__buf_6)
             0.1677    0.0000    1.6446 ^ _08210_/S0 (sky130_fd_sc_hd__mux4_2)
   0.0037    0.1115    0.9299    2.5745 v _08210_/X (sky130_fd_sc_hd__mux4_2)
             0.1115    0.0000    2.5745 v _08211_/A3 (sky130_fd_sc_hd__mux4_2)
   0.0014    0.0987    0.8607    3.4352 v _08211_/X (sky130_fd_sc_hd__mux4_2)
             0.0987    0.0000    3.4352 v _08212_/B (sky130_fd_sc_hd__and2_0)
   0.0021    0.0468    0.2491    3.6843 v _08212_/X (sky130_fd_sc_hd__and2_0)
             0.0468    0.0000    3.6843 v _08213_/B1 (sky130_fd_sc_hd__a311o_1)
   0.0040    0.0780    0.5481    4.2324 v _08213_/X (sky130_fd_sc_hd__a311o_1)
             0.0780    0.0000    4.2324 v _08215_/B (sky130_fd_sc_hd__nor3b_2)
   0.0040    0.2025    0.2666    4.4990 ^ _08215_/Y (sky130_fd_sc_hd__nor3b_2)
             0.2025    0.0000    4.4990 ^ _08216_/B (sky130_fd_sc_hd__nand2_1)
   0.0016    0.0429    0.1052    4.6041 v _08216_/Y (sky130_fd_sc_hd__nand2_1)
             0.0429    0.0000    4.6041 v _08224_/B1 (sky130_fd_sc_hd__a2bb2o_2)
   0.0090    0.0782    0.4336    5.0378 v _08224_/X (sky130_fd_sc_hd__a2bb2o_2)
             0.0782    0.0000    5.0378 v _08232_/B1 (sky130_fd_sc_hd__a22oi_4)
   0.0163    0.2993    0.2948    5.3326 ^ _08232_/Y (sky130_fd_sc_hd__a22oi_4)
             0.2993    0.0000    5.3326 ^ _08746_/A (sky130_fd_sc_hd__buf_6)
   0.0266    0.1013    0.2677    5.6002 ^ _08746_/X (sky130_fd_sc_hd__buf_6)
             0.1013    0.0000    5.6002 ^ _09039_/A1 (sky130_fd_sc_hd__a21oi_2)
   0.0015    0.0631    0.0696    5.6698 v _09039_/Y (sky130_fd_sc_hd__a21oi_2)
             0.0631    0.0000    5.6698 v core.CPU_Xreg_value_a4[1][24]$_SDFFE_PP0P_/D (sky130_fd_sc_hd__dfxtp_1)
                                 5.6698   data arrival time

             0.0000   11.0000   11.0000   clock clk (rise edge)
                       0.0000   11.0000   clock network delay (ideal)
                       0.0000   11.0000   clock reconvergence pessimism
                                11.0000 ^ core.CPU_Xreg_value_a4[1][24]$_SDFFE_PP0P_/CLK (sky130_fd_sc_hd__dfxtp_1)
                      -0.2512   10.7488   library setup time
                                10.7488   data required time
-------------------------------------------------------------------------------
                                10.7488   data required time
                                -5.6698   data arrival time
-------------------------------------------------------------------------------
                                 5.0790   slack (MET)


