Startpoint: core.CPU_is_slli_a3$_DFF_P_
            (rising edge-triggered flip-flop clocked by clk)
Endpoint: core.CPU_Xreg_value_a4[10][24]$_SDFFE_PP0P_
          (rising edge-triggered flip-flop clocked by clk)
Path Group: clk
Path Type: max

      Cap      Slew     Delay      Time   Description
-------------------------------------------------------------------------------
             0.0000    0.0000    0.0000   clock clk (rise edge)
                       0.0000    0.0000   clock network delay (ideal)
             0.0000    0.0000    0.0000 ^ core.CPU_is_slli_a3$_DFF_P_/CLK (sky130_fd_sc_hd__dfxtp_1)
   0.0022    0.1221    1.1703    1.1703 ^ core.CPU_is_slli_a3$_DFF_P_/Q (sky130_fd_sc_hd__dfxtp_1)
             0.1221    0.0000    1.1703 ^ place534/A (sky130_fd_sc_hd__buf_4)
   0.0627    0.6816    0.7343    1.9046 ^ place534/X (sky130_fd_sc_hd__buf_4)
             0.6816    0.0000    1.9046 ^ _07478_/S (sky130_fd_sc_hd__mux2i_4)
   0.0022    0.3390    0.9550    2.8596 ^ _07478_/Y (sky130_fd_sc_hd__mux2i_4)
             0.3390    0.0000    2.8596 ^ place488/A (sky130_fd_sc_hd__buf_4)
   0.1619    1.6835    1.6052    4.4648 ^ place488/X (sky130_fd_sc_hd__buf_4)
             1.6835    0.0000    4.4648 ^ _07653_/S0 (sky130_fd_sc_hd__mux4_2)
   0.0054    0.2916    3.2770    7.7417 v _07653_/X (sky130_fd_sc_hd__mux4_2)
             0.2916    0.0000    7.7417 v _08211_/A0 (sky130_fd_sc_hd__mux4_2)
   0.0013    0.2555    2.5671   10.3088 v _08211_/X (sky130_fd_sc_hd__mux4_2)
             0.2555    0.0000   10.3088 v _08212_/B (sky130_fd_sc_hd__and2_0)
   0.0020    0.0923    0.6553   10.9641 v _08212_/X (sky130_fd_sc_hd__and2_0)
             0.0923    0.0000   10.9641 v _08213_/B1 (sky130_fd_sc_hd__a311o_1)
   0.0037    0.1608    1.4743   12.4384 v _08213_/X (sky130_fd_sc_hd__a311o_1)
             0.1608    0.0000   12.4384 v _08215_/B (sky130_fd_sc_hd__nor3b_2)
   0.0037    0.4751    0.6673   13.1057 ^ _08215_/Y (sky130_fd_sc_hd__nor3b_2)
             0.4751    0.0000   13.1057 ^ _08216_/B (sky130_fd_sc_hd__nand2_1)
   0.0015    0.0776    0.2920   13.3977 v _08216_/Y (sky130_fd_sc_hd__nand2_1)
             0.0776    0.0000   13.3977 v _08224_/B1 (sky130_fd_sc_hd__a2bb2o_2)
   0.0084    0.1569    1.0469   14.4446 v _08224_/X (sky130_fd_sc_hd__a2bb2o_2)
             0.1569    0.0000   14.4446 v _08232_/B1 (sky130_fd_sc_hd__a22oi_4)
   0.0350    1.2517    1.2016   15.6462 ^ _08232_/Y (sky130_fd_sc_hd__a22oi_4)
             1.2517    0.0000   15.6462 ^ _08235_/A2 (sky130_fd_sc_hd__a21oi_1)
   0.0014    0.1308    0.6287   16.2749 v _08235_/Y (sky130_fd_sc_hd__a21oi_1)
             0.1308    0.0000   16.2749 v core.CPU_Xreg_value_a4[10][24]$_SDFFE_PP0P_/D (sky130_fd_sc_hd__dfxtp_1)
                                16.2749   data arrival time

             0.0000   11.0000   11.0000   clock clk (rise edge)
                       0.0000   11.0000   clock network delay (ideal)
                       0.0000   11.0000   clock reconvergence pessimism
                                11.0000 ^ core.CPU_Xreg_value_a4[10][24]$_SDFFE_PP0P_/CLK (sky130_fd_sc_hd__dfxtp_1)
                      -0.8567   10.1433   library setup time
                                10.1433   data required time
-------------------------------------------------------------------------------
                                10.1433   data required time
                               -16.2749   data arrival time
-------------------------------------------------------------------------------
                                -6.1315   slack (VIOLATED)


