Startpoint: core.CPU_is_slli_a3$_DFF_P_
            (rising edge-triggered flip-flop clocked by clk)
Endpoint: core.CPU_Xreg_value_a4[1][24]$_SDFFE_PP0P_
          (rising edge-triggered flip-flop clocked by clk)
Path Group: clk
Path Type: max

      Cap      Slew     Delay      Time   Description
-------------------------------------------------------------------------------
             0.0000    0.0000    0.0000   clock clk (rise edge)
                       0.0000    0.0000   clock network delay (ideal)
             0.0000    0.0000    0.0000 ^ core.CPU_is_slli_a3$_DFF_P_/CLK (sky130_fd_sc_hd__dfxtp_1)
   0.0041    0.2188    1.5076    1.5076 ^ core.CPU_is_slli_a3$_DFF_P_/Q (sky130_fd_sc_hd__dfxtp_1)
             0.2188    0.0000    1.5076 ^ _07425_/A (sky130_fd_sc_hd__buf_6)
   0.0200    0.2422    0.4521    1.9597 ^ _07425_/X (sky130_fd_sc_hd__buf_6)
             0.2422    0.0000    1.9597 ^ _07580_/S (sky130_fd_sc_hd__mux2i_1)
   0.0170    2.3063    2.2355    4.1952 ^ _07580_/Y (sky130_fd_sc_hd__mux2i_1)
             2.3063    0.0000    4.1952 ^ _07652_/A (sky130_fd_sc_hd__buf_2)
   0.0287    0.6441    1.8182    6.0134 ^ _07652_/X (sky130_fd_sc_hd__buf_2)
             0.6441    0.0000    6.0134 ^ _07653_/S1 (sky130_fd_sc_hd__mux4_2)
   0.0053    0.3617    2.4701    8.4835 v _07653_/X (sky130_fd_sc_hd__mux4_2)
             0.3617    0.0000    8.4835 v _08211_/A0 (sky130_fd_sc_hd__mux4_2)
   0.0013    0.3213    3.2765   11.7599 v _08211_/X (sky130_fd_sc_hd__mux4_2)
             0.3213    0.0000   11.7599 v _08212_/B (sky130_fd_sc_hd__and2_0)
   0.0019    0.1093    0.8175   12.5774 v _08212_/X (sky130_fd_sc_hd__and2_0)
             0.1093    0.0000   12.5774 v _08213_/B1 (sky130_fd_sc_hd__a311o_1)
   0.0037    0.1939    1.8560   14.4334 v _08213_/X (sky130_fd_sc_hd__a311o_1)
             0.1939    0.0000   14.4334 v _08215_/B (sky130_fd_sc_hd__nor3b_2)
   0.0036    0.5800    0.8223   15.2557 ^ _08215_/Y (sky130_fd_sc_hd__nor3b_2)
             0.5800    0.0000   15.2557 ^ _08216_/B (sky130_fd_sc_hd__nand2_1)
   0.0014    0.0885    0.3642   15.6199 v _08216_/Y (sky130_fd_sc_hd__nand2_1)
             0.0885    0.0000   15.6199 v _08224_/B1 (sky130_fd_sc_hd__a2bb2o_2)
   0.0083    0.1874    1.2747   16.8946 v _08224_/X (sky130_fd_sc_hd__a2bb2o_2)
             0.1874    0.0000   16.8946 v _08232_/B1 (sky130_fd_sc_hd__a22oi_4)
   0.0146    0.8571    0.9466   17.8412 ^ _08232_/Y (sky130_fd_sc_hd__a22oi_4)
             0.8571    0.0000   17.8412 ^ _08746_/A (sky130_fd_sc_hd__buf_6)
   0.0238    0.2802    0.8191   18.6603 ^ _08746_/X (sky130_fd_sc_hd__buf_6)
             0.2802    0.0000   18.6603 ^ _09039_/A1 (sky130_fd_sc_hd__a21oi_2)
   0.0013    0.1119    0.1985   18.8588 v _09039_/Y (sky130_fd_sc_hd__a21oi_2)
             0.1119    0.0000   18.8588 v core.CPU_Xreg_value_a4[1][24]$_SDFFE_PP0P_/D (sky130_fd_sc_hd__dfxtp_1)
                                18.8588   data arrival time

             0.0000   11.0000   11.0000   clock clk (rise edge)
                       0.0000   11.0000   clock network delay (ideal)
                       0.0000   11.0000   clock reconvergence pessimism
                                11.0000 ^ core.CPU_Xreg_value_a4[1][24]$_SDFFE_PP0P_/CLK (sky130_fd_sc_hd__dfxtp_1)
                      -1.0837    9.9163   library setup time
                                 9.9163   data required time
-------------------------------------------------------------------------------
                                 9.9163   data required time
                               -18.8588   data arrival time
-------------------------------------------------------------------------------
                                -8.9425   slack (VIOLATED)


