Startpoint: core.CPU_is_slli_a3$_DFF_P_
            (rising edge-triggered flip-flop clocked by clk)
Endpoint: core.CPU_src2_value_a3[24]$_DFF_P_
          (rising edge-triggered flip-flop clocked by clk)
Path Group: clk
Path Type: max

      Cap      Slew     Delay      Time   Description
-------------------------------------------------------------------------------
                       0.0000    0.0000   clock clk (rise edge)
                       0.0000    0.0000   clock source latency
   0.0087    0.0000    0.0000    0.0000 ^ pll/CLK (avsdpll)
             0.0000    0.0000    0.0000 ^ clkbuf_0_CLK/A (sky130_fd_sc_hd__clkbuf_16)
   0.0615    0.0719    0.1157    0.1157 ^ clkbuf_0_CLK/X (sky130_fd_sc_hd__clkbuf_16)
             0.0719    0.0000    0.1157 ^ clkbuf_3_1_0_CLK/A (sky130_fd_sc_hd__clkbuf_16)
   0.1188    0.1214    0.1762    0.2920 ^ clkbuf_3_1_0_CLK/X (sky130_fd_sc_hd__clkbuf_16)
             0.1214    0.0000    0.2920 ^ clkbuf_leaf_51_CLK/A (sky130_fd_sc_hd__clkbuf_16)
   0.0346    0.0495    0.1370    0.4289 ^ clkbuf_leaf_51_CLK/X (sky130_fd_sc_hd__clkbuf_16)
             0.0495    0.0000    0.4289 ^ core.CPU_is_slli_a3$_DFF_P_/CLK (sky130_fd_sc_hd__dfxtp_1)
   0.0025    0.0331    0.2236    0.6525 ^ core.CPU_is_slli_a3$_DFF_P_/Q (sky130_fd_sc_hd__dfxtp_1)
             0.0331    0.0000    0.6525 ^ place534/A (sky130_fd_sc_hd__buf_4)
   0.0707    0.1783    0.1845    0.8371 ^ place534/X (sky130_fd_sc_hd__buf_4)
             0.1783    0.0000    0.8371 ^ _07478_/S (sky130_fd_sc_hd__mux2i_4)
   0.0025    0.1077    0.1859    1.0230 ^ _07478_/Y (sky130_fd_sc_hd__mux2i_4)
             0.1077    0.0000    1.0230 ^ place488/A (sky130_fd_sc_hd__buf_4)
   0.1858    0.4521    0.3968    1.4198 ^ place488/X (sky130_fd_sc_hd__buf_4)
             0.4521    0.0000    1.4198 ^ _07653_/S0 (sky130_fd_sc_hd__mux4_2)
   0.0060    0.0793    0.4267    1.8465 v _07653_/X (sky130_fd_sc_hd__mux4_2)
             0.0793    0.0000    1.8465 v _08211_/A0 (sky130_fd_sc_hd__mux4_2)
   0.0016    0.0658    0.3209    2.1673 v _08211_/X (sky130_fd_sc_hd__mux4_2)
             0.0658    0.0000    2.1673 v _08212_/B (sky130_fd_sc_hd__and2_0)
   0.0022    0.0290    0.1224    2.2897 v _08212_/X (sky130_fd_sc_hd__and2_0)
             0.0290    0.0000    2.2897 v _08213_/B1 (sky130_fd_sc_hd__a311o_1)
   0.0041    0.0509    0.1492    2.4389 v _08213_/X (sky130_fd_sc_hd__a311o_1)
             0.0509    0.0000    2.4389 v _08215_/B (sky130_fd_sc_hd__nor3b_2)
   0.0042    0.1132    0.1367    2.5756 ^ _08215_/Y (sky130_fd_sc_hd__nor3b_2)
             0.1132    0.0000    2.5756 ^ _08216_/B (sky130_fd_sc_hd__nand2_1)
   0.0017    0.0284    0.0389    2.6145 v _08216_/Y (sky130_fd_sc_hd__nand2_1)
             0.0284    0.0000    2.6145 v _08224_/B1 (sky130_fd_sc_hd__a2bb2o_2)
   0.0095    0.0497    0.2053    2.8199 v _08224_/X (sky130_fd_sc_hd__a2bb2o_2)
             0.0497    0.0000    2.8199 v _09898_/B1_N (sky130_fd_sc_hd__a21boi_0)
   0.0044    0.0603    0.1035    2.9234 v _09898_/Y (sky130_fd_sc_hd__a21boi_0)
             0.0603    0.0000    2.9234 v _10251_/A1 (sky130_fd_sc_hd__o21a_1)
   0.0017    0.0247    0.1439    3.0673 v _10251_/X (sky130_fd_sc_hd__o21a_1)
             0.0247    0.0000    3.0673 v core.CPU_src2_value_a3[24]$_DFF_P_/D (sky130_fd_sc_hd__dfxtp_1)
                                 3.0673   data arrival time

                      11.0000   11.0000   clock clk (rise edge)
                       0.0000   11.0000   clock source latency
   0.0087    0.0000    0.0000   11.0000 ^ pll/CLK (avsdpll)
             0.0000    0.0000   11.0000 ^ clkbuf_0_CLK/A (sky130_fd_sc_hd__clkbuf_16)
   0.0615    0.0719    0.1157   11.1157 ^ clkbuf_0_CLK/X (sky130_fd_sc_hd__clkbuf_16)
             0.0719    0.0000   11.1157 ^ clkbuf_3_4_0_CLK/A (sky130_fd_sc_hd__clkbuf_16)
   0.1004    0.1055    0.1644   11.2801 ^ clkbuf_3_4_0_CLK/X (sky130_fd_sc_hd__clkbuf_16)
             0.1055    0.0000   11.2801 ^ clkbuf_leaf_37_CLK/A (sky130_fd_sc_hd__clkbuf_16)
   0.0267    0.0426    0.1263   11.4064 ^ clkbuf_leaf_37_CLK/X (sky130_fd_sc_hd__clkbuf_16)
             0.0426    0.0000   11.4064 ^ core.CPU_src2_value_a3[24]$_DFF_P_/CLK (sky130_fd_sc_hd__dfxtp_1)
                       0.0000   11.4064   clock reconvergence pessimism
                      -0.0835   11.3229   library setup time
                                11.3229   data required time
-------------------------------------------------------------------------------
                                11.3229   data required time
                                -3.0673   data arrival time
-------------------------------------------------------------------------------
                                 8.2556   slack (MET)


