Startpoint: core.CPU_is_slli_a3$_DFF_P_
            (rising edge-triggered flip-flop clocked by clk)
Endpoint: core.CPU_Xreg_value_a4[17][29]$_SDFFE_PP0P_
          (rising edge-triggered flip-flop clocked by clk)
Path Group: clk
Path Type: max

      Cap      Slew     Delay      Time   Description
-------------------------------------------------------------------------------
                       0.0000    0.0000   clock clk (rise edge)
                       0.0000    0.0000   clock source latency
   0.1090    0.0000    0.0000    0.0000 ^ pll/CLK (avsdpll)
             0.0148    0.0074    0.0074 ^ clkbuf_0_CLK/A (sky130_fd_sc_hd__clkbuf_16)
   0.2063    0.4411    0.4667    0.4741 ^ clkbuf_0_CLK/X (sky130_fd_sc_hd__clkbuf_16)
             0.4427    0.0218    0.4959 ^ clkbuf_3_1_0_CLK/A (sky130_fd_sc_hd__clkbuf_16)
   0.1800    0.3862    0.6449    1.1408 ^ clkbuf_3_1_0_CLK/X (sky130_fd_sc_hd__clkbuf_16)
             0.3863    0.0057    1.1465 ^ clkbuf_leaf_51_CLK/A (sky130_fd_sc_hd__clkbuf_16)
   0.0590    0.1494    0.4416    1.5881 ^ clkbuf_leaf_51_CLK/X (sky130_fd_sc_hd__clkbuf_16)
             0.1495    0.0021    1.5902 ^ core.CPU_is_slli_a3$_DFF_P_/CLK (sky130_fd_sc_hd__dfxtp_1)
   0.0046    0.1115    0.7434    2.3335 ^ core.CPU_is_slli_a3$_DFF_P_/Q (sky130_fd_sc_hd__dfxtp_1)
             0.1115    0.0002    2.3337 ^ place534/A (sky130_fd_sc_hd__buf_4)
   0.0931    0.5533    0.5674    2.9011 ^ place534/X (sky130_fd_sc_hd__buf_4)
             0.5533    0.0027    2.9038 ^ _07478_/S (sky130_fd_sc_hd__mux2i_4)
   0.0037    0.2122    0.6148    3.5186 ^ _07478_/Y (sky130_fd_sc_hd__mux2i_4)
             0.2122    0.0001    3.5187 ^ place488/A (sky130_fd_sc_hd__buf_4)
   0.2346    1.3601    1.1979    4.7166 ^ place488/X (sky130_fd_sc_hd__buf_4)
             1.3601    0.0079    4.7245 ^ _07710_/S (sky130_fd_sc_hd__mux2i_1)
   0.0186    1.0041    1.3738    6.0983 ^ _07710_/Y (sky130_fd_sc_hd__mux2i_1)
             1.0041    0.0010    6.0994 ^ _07711_/C (sky130_fd_sc_hd__nand3_1)
   0.0017    0.1610    0.4051    6.5045 v _07711_/Y (sky130_fd_sc_hd__nand3_1)
             0.1610    0.0000    6.5045 v _07712_/B1_N (sky130_fd_sc_hd__a21boi_0)
   0.0076    0.2483    0.3369    6.8414 v _07712_/Y (sky130_fd_sc_hd__a21boi_0)
             0.2483    0.0004    6.8418 v place383/A (sky130_fd_sc_hd__buf_4)
   0.0187    0.0692    0.4238    7.2656 v place383/X (sky130_fd_sc_hd__buf_4)
             0.0694    0.0014    7.2670 v _07713_/A1 (sky130_fd_sc_hd__mux2_2)
   0.0053    0.1002    0.6718    7.9388 v _07713_/X (sky130_fd_sc_hd__mux2_2)
             0.1002    0.0001    7.9389 v _08447_/A1 (sky130_fd_sc_hd__o21ai_0)
   0.0236    1.5626    1.3398    9.2786 ^ _08447_/Y (sky130_fd_sc_hd__o21ai_0)
             1.5626    0.0015    9.2801 ^ _08448_/B1 (sky130_fd_sc_hd__a32oi_1)
   0.0116    0.3592    0.6670    9.9471 v _08448_/Y (sky130_fd_sc_hd__a32oi_1)
             0.3592    0.0005    9.9476 v _08450_/A3 (sky130_fd_sc_hd__o31ai_1)
   0.0371    2.8368    2.5078   12.4554 ^ _08450_/Y (sky130_fd_sc_hd__o31ai_1)
             2.8368    0.0014   12.4568 ^ _08451_/B (sky130_fd_sc_hd__nand2_1)
   0.0318    0.6740    1.3893   13.8461 v _08451_/Y (sky130_fd_sc_hd__nand2_1)
             0.6740    0.0016   13.8477 v _08960_/A1 (sky130_fd_sc_hd__o21ai_0)
   0.0046    0.3819    0.7373   14.5850 ^ _08960_/Y (sky130_fd_sc_hd__o21ai_0)
             0.3819    0.0002   14.5852 ^ core.CPU_Xreg_value_a4[17][29]$_SDFFE_PP0P_/D (sky130_fd_sc_hd__dfxtp_1)
                                14.5852   data arrival time

                      11.0000   11.0000   clock clk (rise edge)
                       0.0000   11.0000   clock source latency
   0.1090    0.0000    0.0000   11.0000 ^ pll/CLK (avsdpll)
             0.0148    0.0074   11.0074 ^ clkbuf_0_CLK/A (sky130_fd_sc_hd__clkbuf_16)
   0.2063    0.4411    0.4667   11.4741 ^ clkbuf_0_CLK/X (sky130_fd_sc_hd__clkbuf_16)
             0.4424    0.0197   11.4938 ^ clkbuf_3_3_0_CLK/A (sky130_fd_sc_hd__clkbuf_16)
   0.1744    0.3738    0.6348   12.1286 ^ clkbuf_3_3_0_CLK/X (sky130_fd_sc_hd__clkbuf_16)
             0.3741    0.0097   12.1384 ^ clkbuf_leaf_38_CLK/A (sky130_fd_sc_hd__clkbuf_16)
   0.0482    0.1287    0.4200   12.5583 ^ clkbuf_leaf_38_CLK/X (sky130_fd_sc_hd__clkbuf_16)
             0.1288    0.0017   12.5600 ^ core.CPU_Xreg_value_a4[17][29]$_SDFFE_PP0P_/CLK (sky130_fd_sc_hd__dfxtp_1)
                       0.0000   12.5600   clock reconvergence pessimism
                      -0.2132   12.3468   library setup time
                                12.3468   data required time
-------------------------------------------------------------------------------
                                12.3468   data required time
                               -14.5852   data arrival time
-------------------------------------------------------------------------------
                                -2.2383   slack (VIOLATED)


