Startpoint: core.CPU_is_slli_a3$_DFF_P_
            (rising edge-triggered flip-flop clocked by clk)
Endpoint: core.CPU_Xreg_value_a4[10][24]$_SDFFE_PP0P_
          (rising edge-triggered flip-flop clocked by clk)
Path Group: clk
Path Type: max

      Cap      Slew     Delay      Time   Description
-------------------------------------------------------------------------------
             0.0000    0.0000    0.0000   clock clk (rise edge)
                       0.0000    0.0000   clock network delay (ideal)
             0.0000    0.0000    0.0000 ^ core.CPU_is_slli_a3$_DFF_P_/CLK (sky130_fd_sc_hd__dfxtp_1)
   0.0022    0.1079    1.0075    1.0075 ^ core.CPU_is_slli_a3$_DFF_P_/Q (sky130_fd_sc_hd__dfxtp_1)
             0.1079    0.0000    1.0075 ^ place534/A (sky130_fd_sc_hd__buf_4)
   0.0633    0.5931    0.6470    1.6545 ^ place534/X (sky130_fd_sc_hd__buf_4)
             0.5931    0.0000    1.6545 ^ _07478_/S (sky130_fd_sc_hd__mux2i_4)
   0.0022    0.2924    0.8337    2.4883 ^ _07478_/Y (sky130_fd_sc_hd__mux2i_4)
             0.2924    0.0000    2.4883 ^ place488/A (sky130_fd_sc_hd__buf_4)
   0.1615    1.4481    1.3871    3.8754 ^ place488/X (sky130_fd_sc_hd__buf_4)
             1.4481    0.0000    3.8754 ^ _07653_/S0 (sky130_fd_sc_hd__mux4_2)
   0.0054    0.2506    2.7775    6.6528 v _07653_/X (sky130_fd_sc_hd__mux4_2)
             0.2506    0.0000    6.6528 v _08211_/A0 (sky130_fd_sc_hd__mux4_2)
   0.0013    0.2187    2.1599    8.8127 v _08211_/X (sky130_fd_sc_hd__mux4_2)
             0.2187    0.0000    8.8127 v _08212_/B (sky130_fd_sc_hd__and2_0)
   0.0020    0.0829    0.5627    9.3754 v _08212_/X (sky130_fd_sc_hd__and2_0)
             0.0829    0.0000    9.3754 v _08213_/B1 (sky130_fd_sc_hd__a311o_1)
   0.0038    0.1421    1.2561   10.6315 v _08213_/X (sky130_fd_sc_hd__a311o_1)
             0.1421    0.0000   10.6315 v _08215_/B (sky130_fd_sc_hd__nor3b_2)
   0.0037    0.4106    0.5742   11.2057 ^ _08215_/Y (sky130_fd_sc_hd__nor3b_2)
             0.4106    0.0000   11.2057 ^ _08216_/B (sky130_fd_sc_hd__nand2_1)
   0.0015    0.0696    0.2494   11.4551 v _08216_/Y (sky130_fd_sc_hd__nand2_1)
             0.0696    0.0000   11.4551 v _08224_/B1 (sky130_fd_sc_hd__a2bb2o_2)
   0.0085    0.1396    0.9110   12.3662 v _08224_/X (sky130_fd_sc_hd__a2bb2o_2)
             0.1396    0.0000   12.3662 v _08232_/B1 (sky130_fd_sc_hd__a22oi_4)
   0.0353    1.0694    1.0241   13.3903 ^ _08232_/Y (sky130_fd_sc_hd__a22oi_4)
             1.0694    0.0000   13.3903 ^ _08235_/A2 (sky130_fd_sc_hd__a21oi_1)
   0.0014    0.1178    0.5226   13.9129 v _08235_/Y (sky130_fd_sc_hd__a21oi_1)
             0.1178    0.0000   13.9129 v core.CPU_Xreg_value_a4[10][24]$_SDFFE_PP0P_/D (sky130_fd_sc_hd__dfxtp_1)
                                13.9129   data arrival time

             0.0000   11.0000   11.0000   clock clk (rise edge)
                       0.0000   11.0000   clock network delay (ideal)
                       0.0000   11.0000   clock reconvergence pessimism
                                11.0000 ^ core.CPU_Xreg_value_a4[10][24]$_SDFFE_PP0P_/CLK (sky130_fd_sc_hd__dfxtp_1)
                      -0.7131   10.2869   library setup time
                                10.2869   data required time
-------------------------------------------------------------------------------
                                10.2869   data required time
                               -13.9129   data arrival time
-------------------------------------------------------------------------------
                                -3.6259   slack (VIOLATED)


