Startpoint: core.CPU_is_slli_a3$_DFF_P_
            (rising edge-triggered flip-flop clocked by clk)
Endpoint: core.CPU_src2_value_a3[24]$_DFF_P_
          (rising edge-triggered flip-flop clocked by clk)
Path Group: clk
Path Type: max

      Cap      Slew     Delay      Time   Description
-------------------------------------------------------------------------------
                       0.0000    0.0000   clock clk (rise edge)
                       0.0000    0.0000   clock source latency
   0.0089    0.0000    0.0000    0.0000 ^ pll/CLK (avsdpll)
             0.0000    0.0000    0.0000 ^ clkbuf_0_CLK/A (sky130_fd_sc_hd__clkbuf_16)
   0.0632    0.0750    0.1261    0.1261 ^ clkbuf_0_CLK/X (sky130_fd_sc_hd__clkbuf_16)
             0.0750    0.0000    0.1261 ^ clkbuf_3_1_0_CLK/A (sky130_fd_sc_hd__clkbuf_16)
   0.1218    0.1227    0.1859    0.3120 ^ clkbuf_3_1_0_CLK/X (sky130_fd_sc_hd__clkbuf_16)
             0.1227    0.0000    0.3120 ^ clkbuf_leaf_51_CLK/A (sky130_fd_sc_hd__clkbuf_16)
   0.0343    0.0524    0.1460    0.4580 ^ clkbuf_leaf_51_CLK/X (sky130_fd_sc_hd__clkbuf_16)
             0.0524    0.0000    0.4580 ^ core.CPU_is_slli_a3$_DFF_P_/CLK (sky130_fd_sc_hd__dfxtp_1)
   0.0025    0.0357    0.2430    0.7010 ^ core.CPU_is_slli_a3$_DFF_P_/Q (sky130_fd_sc_hd__dfxtp_1)
             0.0357    0.0000    0.7010 ^ place534/A (sky130_fd_sc_hd__buf_4)
   0.0724    0.1749    0.1902    0.8912 ^ place534/X (sky130_fd_sc_hd__buf_4)
             0.1749    0.0000    0.8912 ^ _07478_/S (sky130_fd_sc_hd__mux2i_4)
   0.0025    0.1218    0.1914    1.0826 ^ _07478_/Y (sky130_fd_sc_hd__mux2i_4)
             0.1218    0.0000    1.0826 ^ place488/A (sky130_fd_sc_hd__buf_4)
   0.1865    0.4328    0.3903    1.4729 ^ place488/X (sky130_fd_sc_hd__buf_4)
             0.4328    0.0000    1.4729 ^ _07653_/S0 (sky130_fd_sc_hd__mux4_2)
   0.0062    0.0861    0.4642    1.9372 v _07653_/X (sky130_fd_sc_hd__mux4_2)
             0.0861    0.0000    1.9372 v _08211_/A0 (sky130_fd_sc_hd__mux4_2)
   0.0017    0.0694    0.3335    2.2706 v _08211_/X (sky130_fd_sc_hd__mux4_2)
             0.0694    0.0000    2.2706 v _08212_/B (sky130_fd_sc_hd__and2_0)
   0.0023    0.0360    0.1263    2.3969 v _08212_/X (sky130_fd_sc_hd__and2_0)
             0.0360    0.0000    2.3969 v _08213_/B1 (sky130_fd_sc_hd__a311o_1)
   0.0042    0.0589    0.1531    2.5500 v _08213_/X (sky130_fd_sc_hd__a311o_1)
             0.0589    0.0000    2.5500 v _08215_/B (sky130_fd_sc_hd__nor3b_2)
   0.0043    0.1172    0.1306    2.6807 ^ _08215_/Y (sky130_fd_sc_hd__nor3b_2)
             0.1172    0.0000    2.6807 ^ _08216_/B (sky130_fd_sc_hd__nand2_1)
   0.0017    0.0349    0.0480    2.7287 v _08216_/Y (sky130_fd_sc_hd__nand2_1)
             0.0349    0.0000    2.7287 v _08224_/B1 (sky130_fd_sc_hd__a2bb2o_2)
   0.0098    0.0599    0.2216    2.9503 v _08224_/X (sky130_fd_sc_hd__a2bb2o_2)
             0.0599    0.0000    2.9503 v _09898_/B1_N (sky130_fd_sc_hd__a21boi_0)
   0.0046    0.0859    0.1153    3.0656 v _09898_/Y (sky130_fd_sc_hd__a21boi_0)
             0.0859    0.0000    3.0656 v _10251_/A1 (sky130_fd_sc_hd__o21a_1)
   0.0018    0.0290    0.1466    3.2123 v _10251_/X (sky130_fd_sc_hd__o21a_1)
             0.0290    0.0000    3.2123 v core.CPU_src2_value_a3[24]$_DFF_P_/D (sky130_fd_sc_hd__dfxtp_1)
                                 3.2123   data arrival time

                      11.0000   11.0000   clock clk (rise edge)
                       0.0000   11.0000   clock source latency
   0.0089    0.0000    0.0000   11.0000 ^ pll/CLK (avsdpll)
             0.0000    0.0000   11.0000 ^ clkbuf_0_CLK/A (sky130_fd_sc_hd__clkbuf_16)
   0.0632    0.0750    0.1261   11.1261 ^ clkbuf_0_CLK/X (sky130_fd_sc_hd__clkbuf_16)
             0.0750    0.0000   11.1261 ^ clkbuf_3_4_0_CLK/A (sky130_fd_sc_hd__clkbuf_16)
   0.1032    0.1076    0.1745   11.3006 ^ clkbuf_3_4_0_CLK/X (sky130_fd_sc_hd__clkbuf_16)
             0.1076    0.0000   11.3006 ^ clkbuf_leaf_37_CLK/A (sky130_fd_sc_hd__clkbuf_16)
   0.0264    0.0459    0.1356   11.4363 ^ clkbuf_leaf_37_CLK/X (sky130_fd_sc_hd__clkbuf_16)
             0.0459    0.0000   11.4363 ^ core.CPU_src2_value_a3[24]$_DFF_P_/CLK (sky130_fd_sc_hd__dfxtp_1)
                       0.0000   11.4363   clock reconvergence pessimism
                      -0.0748   11.3615   library setup time
                                11.3615   data required time
-------------------------------------------------------------------------------
                                11.3615   data required time
                                -3.2123   data arrival time
-------------------------------------------------------------------------------
                                 8.1492   slack (MET)


