Startpoint: core.CPU_Xreg_value_a5[17][9]$_DFF_P_
            (rising edge-triggered flip-flop clocked by clk)
Endpoint: core.OUT[9]$_DFF_P_ (rising edge-triggered flip-flop clocked by clk)
Path Group: clk
Path Type: min

      Cap      Slew     Delay      Time   Description
-------------------------------------------------------------------------------
                       0.0000    0.0000   clock clk (rise edge)
                       0.0000    0.0000   clock source latency
   0.1086    0.0000    0.0000    0.0000 ^ pll/CLK (avsdpll)
             0.0147    0.0073    0.0073 ^ clkbuf_0_CLK/A (sky130_fd_sc_hd__clkbuf_16)
   0.2026    0.6669    0.6893    0.6967 ^ clkbuf_0_CLK/X (sky130_fd_sc_hd__clkbuf_16)
             0.6673    0.0135    0.7102 ^ clkbuf_3_4_0_CLK/A (sky130_fd_sc_hd__clkbuf_16)
   0.1679    0.5592    0.9750    1.6852 ^ clkbuf_3_4_0_CLK/X (sky130_fd_sc_hd__clkbuf_16)
             0.5593    0.0047    1.6898 ^ clkbuf_leaf_31_CLK/A (sky130_fd_sc_hd__clkbuf_16)
   0.0457    0.1889    0.6389    2.3287 ^ clkbuf_leaf_31_CLK/X (sky130_fd_sc_hd__clkbuf_16)
             0.1889    0.0021    2.3308 ^ core.CPU_Xreg_value_a5[17][9]$_DFF_P_/CLK (sky130_fd_sc_hd__dfxtp_1)
   0.0025    0.0527    0.9191    3.2499 v core.CPU_Xreg_value_a5[17][9]$_DFF_P_/Q (sky130_fd_sc_hd__dfxtp_1)
             0.0527    0.0001    3.2500 v core.OUT[9]$_DFF_P_/D (sky130_fd_sc_hd__dfxtp_1)
                                 3.2500   data arrival time

                       0.0000    0.0000   clock clk (rise edge)
                       0.0000    0.0000   clock source latency
   0.1086    0.0000    0.0000    0.0000 ^ pll/CLK (avsdpll)
             0.0147    0.0073    0.0073 ^ clkbuf_0_CLK/A (sky130_fd_sc_hd__clkbuf_16)
   0.2026    0.6669    0.6893    0.6967 ^ clkbuf_0_CLK/X (sky130_fd_sc_hd__clkbuf_16)
             0.6676    0.0178    0.7145 ^ clkbuf_3_6_0_CLK/A (sky130_fd_sc_hd__clkbuf_16)
   0.2063    0.6778    1.0615    1.7759 ^ clkbuf_3_6_0_CLK/X (sky130_fd_sc_hd__clkbuf_16)
             0.6778    0.0063    1.7823 ^ clkbuf_leaf_28_CLK/A (sky130_fd_sc_hd__clkbuf_16)
   0.0434    0.1826    0.6940    2.4763 ^ clkbuf_leaf_28_CLK/X (sky130_fd_sc_hd__clkbuf_16)
             0.1827    0.0021    2.4784 ^ core.OUT[9]$_DFF_P_/CLK (sky130_fd_sc_hd__dfxtp_1)
                       0.0000    2.4784   clock reconvergence pessimism
                      -0.1283    2.3501   library hold time
                                 2.3501   data required time
-------------------------------------------------------------------------------
                                 2.3501   data required time
                                -3.2500   data arrival time
-------------------------------------------------------------------------------
                                 0.8999   slack (MET)


