Startpoint: core.CPU_is_slli_a3$_DFF_P_
            (rising edge-triggered flip-flop clocked by clk)
Endpoint: core.CPU_Xreg_value_a4[17][29]$_SDFFE_PP0P_
          (rising edge-triggered flip-flop clocked by clk)
Path Group: clk
Path Type: max

      Cap      Slew     Delay      Time   Description
-------------------------------------------------------------------------------
                       0.0000    0.0000   clock clk (rise edge)
                       0.0000    0.0000   clock source latency
   0.1096    0.0000    0.0000    0.0000 ^ pll/CLK (avsdpll)
             0.0149    0.0075    0.0075 ^ clkbuf_0_CLK/A (sky130_fd_sc_hd__clkbuf_16)
   0.2108    0.1934    0.2066    0.2141 ^ clkbuf_0_CLK/X (sky130_fd_sc_hd__clkbuf_16)
             0.1975    0.0221    0.2362 ^ clkbuf_3_1_0_CLK/A (sky130_fd_sc_hd__clkbuf_16)
   0.1886    0.1752    0.2541    0.4903 ^ clkbuf_3_1_0_CLK/X (sky130_fd_sc_hd__clkbuf_16)
             0.1755    0.0060    0.4963 ^ clkbuf_leaf_51_CLK/A (sky130_fd_sc_hd__clkbuf_16)
   0.0648    0.0756    0.1771    0.6734 ^ clkbuf_leaf_51_CLK/X (sky130_fd_sc_hd__clkbuf_16)
             0.0757    0.0022    0.6757 ^ core.CPU_is_slli_a3$_DFF_P_/CLK (sky130_fd_sc_hd__dfxtp_1)
   0.0047    0.0494    0.2633    0.9390 ^ core.CPU_is_slli_a3$_DFF_P_/Q (sky130_fd_sc_hd__dfxtp_1)
             0.0494    0.0002    0.9392 ^ place534/A (sky130_fd_sc_hd__buf_4)
   0.0988    0.2314    0.2295    1.1687 ^ place534/X (sky130_fd_sc_hd__buf_4)
             0.2315    0.0029    1.1716 ^ _07478_/S (sky130_fd_sc_hd__mux2i_4)
   0.0039    0.1392    0.2066    1.3782 ^ _07478_/Y (sky130_fd_sc_hd__mux2i_4)
             0.1392    0.0001    1.3783 ^ place488/A (sky130_fd_sc_hd__buf_4)
   0.2511    0.5742    0.4777    1.8560 ^ place488/X (sky130_fd_sc_hd__buf_4)
             0.5744    0.0084    1.8644 ^ _07710_/S (sky130_fd_sc_hd__mux2i_1)
   0.0193    0.3801    0.3778    2.2422 ^ _07710_/Y (sky130_fd_sc_hd__mux2i_1)
             0.3801    0.0011    2.2433 ^ _07711_/C (sky130_fd_sc_hd__nand3_1)
   0.0020    0.0981    0.0855    2.3288 v _07711_/Y (sky130_fd_sc_hd__nand3_1)
             0.0981    0.0000    2.3288 v _07712_/B1_N (sky130_fd_sc_hd__a21boi_0)
   0.0079    0.1600    0.1457    2.4745 v _07712_/Y (sky130_fd_sc_hd__a21boi_0)
             0.1600    0.0004    2.4749 v place383/A (sky130_fd_sc_hd__buf_4)
   0.0192    0.0422    0.1671    2.6421 v place383/X (sky130_fd_sc_hd__buf_4)
             0.0423    0.0014    2.6435 v _07713_/A1 (sky130_fd_sc_hd__mux2_2)
   0.0056    0.0545    0.1970    2.8405 v _07713_/X (sky130_fd_sc_hd__mux2_2)
             0.0545    0.0001    2.8406 v _08447_/A1 (sky130_fd_sc_hd__o21ai_0)
   0.0237    0.6003    0.4743    3.3149 ^ _08447_/Y (sky130_fd_sc_hd__o21ai_0)
             0.6003    0.0015    3.3163 ^ _08448_/B1 (sky130_fd_sc_hd__a32oi_1)
   0.0120    0.1869    0.1589    3.4752 v _08448_/Y (sky130_fd_sc_hd__a32oi_1)
             0.1869    0.0005    3.4758 v _08450_/A3 (sky130_fd_sc_hd__o31ai_1)
   0.0375    0.9378    0.7596    4.2354 ^ _08450_/Y (sky130_fd_sc_hd__o31ai_1)
             0.9378    0.0015    4.2369 ^ _08451_/B (sky130_fd_sc_hd__nand2_1)
   0.0338    0.3469    0.3603    4.5971 v _08451_/Y (sky130_fd_sc_hd__nand2_1)
             0.3469    0.0017    4.5988 v _08960_/A1 (sky130_fd_sc_hd__o21ai_0)
   0.0048    0.1854    0.2371    4.8359 ^ _08960_/Y (sky130_fd_sc_hd__o21ai_0)
             0.1854    0.0002    4.8361 ^ core.CPU_Xreg_value_a4[17][29]$_SDFFE_PP0P_/D (sky130_fd_sc_hd__dfxtp_1)
                                 4.8361   data arrival time

                      11.0000   11.0000   clock clk (rise edge)
                       0.0000   11.0000   clock source latency
   0.1096    0.0000    0.0000   11.0000 ^ pll/CLK (avsdpll)
             0.0149    0.0075   11.0075 ^ clkbuf_0_CLK/A (sky130_fd_sc_hd__clkbuf_16)
   0.2108    0.1934    0.2066   11.2141 ^ clkbuf_0_CLK/X (sky130_fd_sc_hd__clkbuf_16)
             0.1967    0.0200   11.2341 ^ clkbuf_3_3_0_CLK/A (sky130_fd_sc_hd__clkbuf_16)
   0.1813    0.1690    0.2482   11.4823 ^ clkbuf_3_3_0_CLK/X (sky130_fd_sc_hd__clkbuf_16)
             0.1700    0.0101   11.4924 ^ clkbuf_leaf_38_CLK/A (sky130_fd_sc_hd__clkbuf_16)
   0.0528    0.0663    0.1685   11.6608 ^ clkbuf_leaf_38_CLK/X (sky130_fd_sc_hd__clkbuf_16)
             0.0663    0.0019   11.6627 ^ core.CPU_Xreg_value_a4[17][29]$_SDFFE_PP0P_/CLK (sky130_fd_sc_hd__dfxtp_1)
                       0.0000   11.6627   clock reconvergence pessimism
                      -0.0664   11.5963   library setup time
                                11.5963   data required time
-------------------------------------------------------------------------------
                                11.5963   data required time
                                -4.8361   data arrival time
-------------------------------------------------------------------------------
                                 6.7602   slack (MET)


