Startpoint: core.CPU_Xreg_value_a5[17][9]$_DFF_P_
            (rising edge-triggered flip-flop clocked by clk)
Endpoint: core.OUT[9]$_DFF_P_ (rising edge-triggered flip-flop clocked by clk)
Path Group: clk
Path Type: min

      Cap      Slew     Delay      Time   Description
-------------------------------------------------------------------------------
                       0.0000    0.0000   clock clk (rise edge)
                       0.0000    0.0000   clock source latency
   0.0089    0.0000    0.0000    0.0000 ^ pll/CLK (avsdpll)
             0.0000    0.0000    0.0000 ^ clkbuf_0_CLK/A (sky130_fd_sc_hd__clkbuf_16)
   0.0632    0.0750    0.1261    0.1261 ^ clkbuf_0_CLK/X (sky130_fd_sc_hd__clkbuf_16)
             0.0750    0.0000    0.1261 ^ clkbuf_3_4_0_CLK/A (sky130_fd_sc_hd__clkbuf_16)
   0.1032    0.1076    0.1745    0.3006 ^ clkbuf_3_4_0_CLK/X (sky130_fd_sc_hd__clkbuf_16)
             0.1076    0.0000    0.3006 ^ clkbuf_leaf_31_CLK/A (sky130_fd_sc_hd__clkbuf_16)
   0.0268    0.0462    0.1359    0.4366 ^ clkbuf_leaf_31_CLK/X (sky130_fd_sc_hd__clkbuf_16)
             0.0462    0.0000    0.4366 ^ core.CPU_Xreg_value_a5[17][9]$_DFF_P_/CLK (sky130_fd_sc_hd__dfxtp_1)
   0.0017    0.0302    0.2360    0.6726 ^ core.CPU_Xreg_value_a5[17][9]$_DFF_P_/Q (sky130_fd_sc_hd__dfxtp_1)
             0.0302    0.0000    0.6726 ^ core.OUT[9]$_DFF_P_/D (sky130_fd_sc_hd__dfxtp_1)
                                 0.6726   data arrival time

                       0.0000    0.0000   clock clk (rise edge)
                       0.0000    0.0000   clock source latency
   0.0089    0.0000    0.0000    0.0000 ^ pll/CLK (avsdpll)
             0.0000    0.0000    0.0000 ^ clkbuf_0_CLK/A (sky130_fd_sc_hd__clkbuf_16)
   0.0632    0.0750    0.1261    0.1261 ^ clkbuf_0_CLK/X (sky130_fd_sc_hd__clkbuf_16)
             0.0750    0.0000    0.1261 ^ clkbuf_3_6_0_CLK/A (sky130_fd_sc_hd__clkbuf_16)
   0.1190    0.1204    0.1843    0.3104 ^ clkbuf_3_6_0_CLK/X (sky130_fd_sc_hd__clkbuf_16)
             0.1204    0.0000    0.3104 ^ clkbuf_leaf_28_CLK/A (sky130_fd_sc_hd__clkbuf_16)
   0.0306    0.0494    0.1429    0.4533 ^ clkbuf_leaf_28_CLK/X (sky130_fd_sc_hd__clkbuf_16)
             0.0494    0.0000    0.4533 ^ core.OUT[9]$_DFF_P_/CLK (sky130_fd_sc_hd__dfxtp_1)
                       0.0000    0.4533   clock reconvergence pessimism
                      -0.0228    0.4306   library hold time
                                 0.4306   data required time
-------------------------------------------------------------------------------
                                 0.4306   data required time
                                -0.6726   data arrival time
-------------------------------------------------------------------------------
                                 0.2420   slack (MET)


