Startpoint: core.CPU_Xreg_value_a5[17][9]$_DFF_P_
            (rising edge-triggered flip-flop clocked by clk)
Endpoint: core.OUT[9]$_DFF_P_ (rising edge-triggered flip-flop clocked by clk)
Path Group: clk
Path Type: min

      Cap      Slew     Delay      Time   Description
-------------------------------------------------------------------------------
                       0.0000    0.0000   clock clk (rise edge)
                       0.0000    0.0000   clock source latency
   0.1092    0.0000    0.0000    0.0000 ^ pll/CLK (avsdpll)
             0.0148    0.0074    0.0074 ^ clkbuf_0_CLK/A (sky130_fd_sc_hd__clkbuf_16)
   0.2076    0.2230    0.2259    0.2333 ^ clkbuf_0_CLK/X (sky130_fd_sc_hd__clkbuf_16)
             0.2243    0.0138    0.2472 ^ clkbuf_3_4_0_CLK/A (sky130_fd_sc_hd__clkbuf_16)
   0.1754    0.1891    0.2783    0.5255 ^ clkbuf_3_4_0_CLK/X (sky130_fd_sc_hd__clkbuf_16)
             0.1894    0.0049    0.5303 ^ clkbuf_leaf_31_CLK/A (sky130_fd_sc_hd__clkbuf_16)
   0.0506    0.0687    0.1805    0.7109 ^ clkbuf_leaf_31_CLK/X (sky130_fd_sc_hd__clkbuf_16)
             0.0688    0.0023    0.7132 ^ core.CPU_Xreg_value_a5[17][9]$_DFF_P_/CLK (sky130_fd_sc_hd__dfxtp_1)
   0.0028    0.0383    0.2628    0.9760 ^ core.CPU_Xreg_value_a5[17][9]$_DFF_P_/Q (sky130_fd_sc_hd__dfxtp_1)
             0.0383    0.0001    0.9760 ^ core.OUT[9]$_DFF_P_/D (sky130_fd_sc_hd__dfxtp_1)
                                 0.9760   data arrival time

                       0.0000    0.0000   clock clk (rise edge)
                       0.0000    0.0000   clock source latency
   0.1092    0.0000    0.0000    0.0000 ^ pll/CLK (avsdpll)
             0.0148    0.0074    0.0074 ^ clkbuf_0_CLK/A (sky130_fd_sc_hd__clkbuf_16)
   0.2076    0.2230    0.2259    0.2333 ^ clkbuf_0_CLK/X (sky130_fd_sc_hd__clkbuf_16)
             0.2253    0.0181    0.2515 ^ clkbuf_3_6_0_CLK/A (sky130_fd_sc_hd__clkbuf_16)
   0.2152    0.2296    0.3052    0.5566 ^ clkbuf_3_6_0_CLK/X (sky130_fd_sc_hd__clkbuf_16)
             0.2299    0.0066    0.5633 ^ clkbuf_leaf_28_CLK/A (sky130_fd_sc_hd__clkbuf_16)
   0.0491    0.0680    0.1901    0.7534 ^ clkbuf_leaf_28_CLK/X (sky130_fd_sc_hd__clkbuf_16)
             0.0681    0.0024    0.7558 ^ core.OUT[9]$_DFF_P_/CLK (sky130_fd_sc_hd__dfxtp_1)
                       0.0000    0.7558   clock reconvergence pessimism
                      -0.0188    0.7370   library hold time
                                 0.7370   data required time
-------------------------------------------------------------------------------
                                 0.7370   data required time
                                -0.9760   data arrival time
-------------------------------------------------------------------------------
                                 0.2391   slack (MET)


