Startpoint: core.CPU_Xreg_value_a5[17][9]$_DFF_P_
            (rising edge-triggered flip-flop clocked by clk)
Endpoint: core.OUT[9]$_DFF_P_ (rising edge-triggered flip-flop clocked by clk)
Path Group: clk
Path Type: min

      Cap      Slew     Delay      Time   Description
-------------------------------------------------------------------------------
                       0.0000    0.0000   clock clk (rise edge)
                       0.0000    0.0000   clock source latency
   0.1080    0.0000    0.0000    0.0000 ^ pll/CLK (avsdpll)
             0.0145    0.0072    0.0072 ^ clkbuf_0_CLK/A (sky130_fd_sc_hd__clkbuf_16)
   0.1979    1.3829    1.3216    1.3288 ^ clkbuf_0_CLK/X (sky130_fd_sc_hd__clkbuf_16)
             1.3831    0.0132    1.3420 ^ clkbuf_3_4_0_CLK/A (sky130_fd_sc_hd__clkbuf_16)
   0.1603    1.1448    1.9634    3.3055 ^ clkbuf_3_4_0_CLK/X (sky130_fd_sc_hd__clkbuf_16)
             1.1448    0.0045    3.3099 ^ clkbuf_leaf_31_CLK/A (sky130_fd_sc_hd__clkbuf_16)
   0.0443    0.3891    1.2686    4.5785 ^ clkbuf_leaf_31_CLK/X (sky130_fd_sc_hd__clkbuf_16)
             0.3891    0.0020    4.5805 ^ core.CPU_Xreg_value_a5[17][9]$_DFF_P_/CLK (sky130_fd_sc_hd__dfxtp_1)
   0.0024    0.0862    1.7106    6.2911 v core.CPU_Xreg_value_a5[17][9]$_DFF_P_/Q (sky130_fd_sc_hd__dfxtp_1)
             0.0862    0.0001    6.2911 v core.OUT[9]$_DFF_P_/D (sky130_fd_sc_hd__dfxtp_1)
                                 6.2911   data arrival time

                       0.0000    0.0000   clock clk (rise edge)
                       0.0000    0.0000   clock source latency
   0.1080    0.0000    0.0000    0.0000 ^ pll/CLK (avsdpll)
             0.0145    0.0072    0.0072 ^ clkbuf_0_CLK/A (sky130_fd_sc_hd__clkbuf_16)
   0.1979    1.3829    1.3216    1.3288 ^ clkbuf_0_CLK/X (sky130_fd_sc_hd__clkbuf_16)
             1.3833    0.0174    1.3462 ^ clkbuf_3_6_0_CLK/A (sky130_fd_sc_hd__clkbuf_16)
   0.1976    1.3900    2.1404    3.4866 ^ clkbuf_3_6_0_CLK/X (sky130_fd_sc_hd__clkbuf_16)
             1.3900    0.0061    3.4927 ^ clkbuf_leaf_28_CLK/A (sky130_fd_sc_hd__clkbuf_16)
   0.0419    0.3740    1.3998    4.8925 ^ clkbuf_leaf_28_CLK/X (sky130_fd_sc_hd__clkbuf_16)
             0.3740    0.0020    4.8945 ^ core.OUT[9]$_DFF_P_/CLK (sky130_fd_sc_hd__dfxtp_1)
                       0.0000    4.8945   clock reconvergence pessimism
                      -0.2174    4.6771   library hold time
                                 4.6771   data required time
-------------------------------------------------------------------------------
                                 4.6771   data required time
                                -6.2911   data arrival time
-------------------------------------------------------------------------------
                                 1.6141   slack (MET)


