Startpoint: core.CPU_is_slli_a3$_DFF_P_
            (rising edge-triggered flip-flop clocked by clk)
Endpoint: core.CPU_Xreg_value_a4[17][29]$_SDFFE_PP0P_
          (rising edge-triggered flip-flop clocked by clk)
Path Group: clk
Path Type: max

      Cap      Slew     Delay      Time   Description
-------------------------------------------------------------------------------
                       0.0000    0.0000   clock clk (rise edge)
                       0.0000    0.0000   clock source latency
   0.1094    0.0000    0.0000    0.0000 ^ pll/CLK (avsdpll)
             0.0149    0.0074    0.0074 ^ clkbuf_0_CLK/A (sky130_fd_sc_hd__clkbuf_16)
   0.2091    0.1988    0.2012    0.2087 ^ clkbuf_0_CLK/X (sky130_fd_sc_hd__clkbuf_16)
             0.2026    0.0219    0.2306 ^ clkbuf_3_1_0_CLK/A (sky130_fd_sc_hd__clkbuf_16)
   0.1856    0.1780    0.2479    0.4785 ^ clkbuf_3_1_0_CLK/X (sky130_fd_sc_hd__clkbuf_16)
             0.1783    0.0059    0.4844 ^ clkbuf_leaf_51_CLK/A (sky130_fd_sc_hd__clkbuf_16)
   0.0651    0.0739    0.1685    0.6529 ^ clkbuf_leaf_51_CLK/X (sky130_fd_sc_hd__clkbuf_16)
             0.0740    0.0023    0.6552 ^ core.CPU_is_slli_a3$_DFF_P_/CLK (sky130_fd_sc_hd__dfxtp_1)
   0.0047    0.0484    0.2445    0.8997 ^ core.CPU_is_slli_a3$_DFF_P_/Q (sky130_fd_sc_hd__dfxtp_1)
             0.0484    0.0002    0.8999 ^ place534/A (sky130_fd_sc_hd__buf_4)
   0.0971    0.2397    0.2275    1.1274 ^ place534/X (sky130_fd_sc_hd__buf_4)
             0.2397    0.0028    1.1302 ^ _07478_/S (sky130_fd_sc_hd__mux2i_4)
   0.0038    0.1189    0.2012    1.3314 ^ _07478_/Y (sky130_fd_sc_hd__mux2i_4)
             0.1189    0.0001    1.3315 ^ place488/A (sky130_fd_sc_hd__buf_4)
   0.2504    0.6031    0.4906    1.8222 ^ place488/X (sky130_fd_sc_hd__buf_4)
             0.6032    0.0084    1.8305 ^ _07710_/S (sky130_fd_sc_hd__mux2i_1)
   0.0190    0.3933    0.3742    2.2047 ^ _07710_/Y (sky130_fd_sc_hd__mux2i_1)
             0.3933    0.0010    2.2057 ^ _07711_/C (sky130_fd_sc_hd__nand3_1)
   0.0020    0.0836    0.0654    2.2712 v _07711_/Y (sky130_fd_sc_hd__nand3_1)
             0.0836    0.0000    2.2712 v _07712_/B1_N (sky130_fd_sc_hd__a21boi_0)
   0.0077    0.1302    0.1320    2.4032 v _07712_/Y (sky130_fd_sc_hd__a21boi_0)
             0.1302    0.0004    2.4037 v place383/A (sky130_fd_sc_hd__buf_4)
   0.0190    0.0350    0.1615    2.5652 v place383/X (sky130_fd_sc_hd__buf_4)
             0.0351    0.0014    2.5666 v _07713_/A1 (sky130_fd_sc_hd__mux2_2)
   0.0055    0.0451    0.1826    2.7492 v _07713_/X (sky130_fd_sc_hd__mux2_2)
             0.0451    0.0001    2.7494 v _08447_/A1 (sky130_fd_sc_hd__o21ai_0)
   0.0237    0.5782    0.4723    3.2217 ^ _08447_/Y (sky130_fd_sc_hd__o21ai_0)
             0.5782    0.0015    3.2232 ^ _08448_/B1 (sky130_fd_sc_hd__a32oi_1)
   0.0118    0.1566    0.1180    3.3412 v _08448_/Y (sky130_fd_sc_hd__a32oi_1)
             0.1566    0.0005    3.3417 v _08450_/A3 (sky130_fd_sc_hd__o31ai_1)
   0.0373    0.9976    0.8349    4.1766 ^ _08450_/Y (sky130_fd_sc_hd__o31ai_1)
             0.9976    0.0015    4.1780 ^ _08451_/B (sky130_fd_sc_hd__nand2_1)
   0.0331    0.2924    0.3009    4.4789 v _08451_/Y (sky130_fd_sc_hd__nand2_1)
             0.2924    0.0016    4.4806 v _08960_/A1 (sky130_fd_sc_hd__o21ai_0)
   0.0048    0.1603    0.2528    4.7334 ^ _08960_/Y (sky130_fd_sc_hd__o21ai_0)
             0.1603    0.0002    4.7336 ^ core.CPU_Xreg_value_a4[17][29]$_SDFFE_PP0P_/D (sky130_fd_sc_hd__dfxtp_1)
                                 4.7336   data arrival time

                      11.0000   11.0000   clock clk (rise edge)
                       0.0000   11.0000   clock source latency
   0.1094    0.0000    0.0000   11.0000 ^ pll/CLK (avsdpll)
             0.0149    0.0074   11.0074 ^ clkbuf_0_CLK/A (sky130_fd_sc_hd__clkbuf_16)
   0.2091    0.1988    0.2012   11.2087 ^ clkbuf_0_CLK/X (sky130_fd_sc_hd__clkbuf_16)
             0.2019    0.0199   11.2285 ^ clkbuf_3_3_0_CLK/A (sky130_fd_sc_hd__clkbuf_16)
   0.1785    0.1717    0.2416   11.4701 ^ clkbuf_3_3_0_CLK/X (sky130_fd_sc_hd__clkbuf_16)
             0.1726    0.0099   11.4801 ^ clkbuf_leaf_38_CLK/A (sky130_fd_sc_hd__clkbuf_16)
   0.0529    0.0637    0.1595   11.6396 ^ clkbuf_leaf_38_CLK/X (sky130_fd_sc_hd__clkbuf_16)
             0.0637    0.0019   11.6415 ^ core.CPU_Xreg_value_a4[17][29]$_SDFFE_PP0P_/CLK (sky130_fd_sc_hd__dfxtp_1)
                       0.0000   11.6415   clock reconvergence pessimism
                      -0.0534   11.5880   library setup time
                                11.5880   data required time
-------------------------------------------------------------------------------
                                11.5880   data required time
                                -4.7336   data arrival time
-------------------------------------------------------------------------------
                                 6.8545   slack (MET)


