Startpoint: core.CPU_is_slli_a3$_DFF_P_
            (rising edge-triggered flip-flop clocked by clk)
Endpoint: core.CPU_Xreg_value_a4[10][24]$_SDFFE_PP0P_
          (rising edge-triggered flip-flop clocked by clk)
Path Group: clk
Path Type: max

      Cap      Slew     Delay      Time   Description
-------------------------------------------------------------------------------
             0.0000    0.0000    0.0000   clock clk (rise edge)
                       0.0000    0.0000   clock network delay (ideal)
             0.0000    0.0000    0.0000 ^ core.CPU_is_slli_a3$_DFF_P_/CLK (sky130_fd_sc_hd__dfxtp_1)
   0.0020    0.1913    2.0944    2.0944 ^ core.CPU_is_slli_a3$_DFF_P_/Q (sky130_fd_sc_hd__dfxtp_1)
             0.1913    0.0000    2.0944 ^ place534/A (sky130_fd_sc_hd__buf_4)
   0.0588    1.1350    1.1791    3.2736 ^ place534/X (sky130_fd_sc_hd__buf_4)
             1.1350    0.0000    3.2736 ^ _07478_/S (sky130_fd_sc_hd__mux2i_4)
   0.0020    0.6072    1.6581    4.9317 ^ _07478_/Y (sky130_fd_sc_hd__mux2i_4)
             0.6072    0.0000    4.9317 ^ place488/A (sky130_fd_sc_hd__buf_4)
   0.1484    2.7412    2.6221    7.5538 ^ place488/X (sky130_fd_sc_hd__buf_4)
             2.7412    0.0000    7.5538 ^ _07653_/S0 (sky130_fd_sc_hd__mux4_2)
   0.0052    0.5265    6.3775   13.9313 v _07653_/X (sky130_fd_sc_hd__mux4_2)
             0.5265    0.0000   13.9313 v _08211_/A0 (sky130_fd_sc_hd__mux4_2)
   0.0013    0.4779    4.9449   18.8762 v _08211_/X (sky130_fd_sc_hd__mux4_2)
             0.4779    0.0000   18.8762 v _08212_/B (sky130_fd_sc_hd__and2_0)
   0.0019    0.1435    1.1939   20.0701 v _08212_/X (sky130_fd_sc_hd__and2_0)
             0.1435    0.0000   20.0701 v _08213_/B1 (sky130_fd_sc_hd__a311o_1)
   0.0036    0.2676    2.7618   22.8318 v _08213_/X (sky130_fd_sc_hd__a311o_1)
             0.2676    0.0000   22.8318 v _08215_/B (sky130_fd_sc_hd__nor3b_2)
   0.0034    0.8241    1.1729   24.0048 ^ _08215_/Y (sky130_fd_sc_hd__nor3b_2)
             0.8241    0.0000   24.0048 ^ _08216_/B (sky130_fd_sc_hd__nand2_1)
   0.0014    0.1144    0.5334   24.5382 v _08216_/Y (sky130_fd_sc_hd__nand2_1)
             0.1144    0.0000   24.5382 v _08224_/B1 (sky130_fd_sc_hd__a2bb2o_2)
   0.0081    0.2593    1.7860   26.3242 v _08224_/X (sky130_fd_sc_hd__a2bb2o_2)
             0.2593    0.0000   26.3242 v _08232_/B1 (sky130_fd_sc_hd__a22oi_4)
   0.0330    2.3267    2.2092   28.5334 ^ _08232_/Y (sky130_fd_sc_hd__a22oi_4)
             2.3267    0.0000   28.5334 ^ _08235_/A2 (sky130_fd_sc_hd__a21oi_1)
   0.0013    0.2039    1.2402   29.7736 v _08235_/Y (sky130_fd_sc_hd__a21oi_1)
             0.2039    0.0000   29.7736 v core.CPU_Xreg_value_a4[10][24]$_SDFFE_PP0P_/D (sky130_fd_sc_hd__dfxtp_1)
                                29.7736   data arrival time

             0.0000   11.0000   11.0000   clock clk (rise edge)
                       0.0000   11.0000   clock network delay (ideal)
                       0.0000   11.0000   clock reconvergence pessimism
                                11.0000 ^ core.CPU_Xreg_value_a4[10][24]$_SDFFE_PP0P_/CLK (sky130_fd_sc_hd__dfxtp_1)
                      -1.7136    9.2864   library setup time
                                 9.2864   data required time
-------------------------------------------------------------------------------
                                 9.2864   data required time
                               -29.7736   data arrival time
-------------------------------------------------------------------------------
                               -20.4872   slack (VIOLATED)


