Startpoint: core.CPU_imm_a3[30]$_DFF_P_
            (rising edge-triggered flip-flop clocked by clk)
Endpoint: core.CPU_Xreg_value_a4[11][21]$_SDFFE_PP0P_
          (rising edge-triggered flip-flop clocked by clk)
Path Group: clk
Path Type: max

      Cap      Slew     Delay      Time   Description
-------------------------------------------------------------------------------
             0.0000    0.0000    0.0000   clock clk (rise edge)
                       0.0000    0.0000   clock network delay (ideal)
             0.0000    0.0000    0.0000 ^ core.CPU_imm_a3[30]$_DFF_P_/CLK (sky130_fd_sc_hd__dfxtp_1)
   0.0774    0.6824    0.7319    0.7319 ^ core.CPU_imm_a3[30]$_DFF_P_/Q (sky130_fd_sc_hd__dfxtp_1)
             0.6824    0.0000    0.7319 ^ _10818_/A (sky130_fd_sc_hd__ha_1)
   0.0159    0.1238    0.3966    1.1284 v _10818_/SUM (sky130_fd_sc_hd__ha_1)
             0.1238    0.0000    1.1284 v _07561_/A1 (sky130_fd_sc_hd__a21oi_1)
   0.0067    0.1757    0.1865    1.3149 ^ _07561_/Y (sky130_fd_sc_hd__a21oi_1)
             0.1757    0.0000    1.3149 ^ _07562_/B (sky130_fd_sc_hd__nand2_1)
   0.0044    0.0803    0.0899    1.4048 v _07562_/Y (sky130_fd_sc_hd__nand2_1)
             0.0803    0.0000    1.4048 v _07574_/A1 (sky130_fd_sc_hd__o31ai_2)
   0.0139    0.3404    0.3481    1.7529 ^ _07574_/Y (sky130_fd_sc_hd__o31ai_2)
             0.3404    0.0000    1.7529 ^ _08001_/A1 (sky130_fd_sc_hd__o21ai_0)
   0.0069    0.1506    0.2009    1.9538 v _08001_/Y (sky130_fd_sc_hd__o21ai_0)
             0.1506    0.0000    1.9538 v _08081_/A3 (sky130_fd_sc_hd__a31oi_1)
   0.0047    0.1617    0.2043    2.1581 ^ _08081_/Y (sky130_fd_sc_hd__a31oi_1)
             0.1617    0.0000    2.1581 ^ _08082_/B (sky130_fd_sc_hd__xnor2_1)
   0.0046    0.0717    0.0992    2.2574 v _08082_/Y (sky130_fd_sc_hd__xnor2_1)
             0.0717    0.0000    2.2574 v _08089_/A2 (sky130_fd_sc_hd__a221o_1)
   0.0023    0.0540    0.3242    2.5815 v _08089_/X (sky130_fd_sc_hd__a221o_1)
             0.0540    0.0000    2.5815 v _08108_/A2 (sky130_fd_sc_hd__a21o_1)
   0.0063    0.0539    0.1869    2.7684 v _08108_/X (sky130_fd_sc_hd__a21o_1)
             0.0539    0.0000    2.7684 v _08111_/A2 (sky130_fd_sc_hd__o21ai_0)
   0.0115    0.3792    0.3104    3.0788 ^ _08111_/Y (sky130_fd_sc_hd__o21ai_0)
             0.3792    0.0000    3.0788 ^ _08112_/A (sky130_fd_sc_hd__clkbuf_1)
   0.0112    0.1421    0.1948    3.2736 ^ _08112_/X (sky130_fd_sc_hd__clkbuf_1)
             0.1421    0.0000    3.2736 ^ _08737_/A1 (sky130_fd_sc_hd__o21ai_0)
   0.0017    0.0625    0.0988    3.3724 v _08737_/Y (sky130_fd_sc_hd__o21ai_0)
             0.0625    0.0000    3.3724 v core.CPU_Xreg_value_a4[11][21]$_SDFFE_PP0P_/D (sky130_fd_sc_hd__dfxtp_1)
                                 3.3724   data arrival time

             0.0000   11.0000   11.0000   clock clk (rise edge)
                       0.0000   11.0000   clock network delay (ideal)
                       0.0000   11.0000   clock reconvergence pessimism
                                11.0000 ^ core.CPU_Xreg_value_a4[11][21]$_SDFFE_PP0P_/CLK (sky130_fd_sc_hd__dfxtp_1)
                      -0.1162   10.8838   library setup time
                                10.8838   data required time
-------------------------------------------------------------------------------
                                10.8838   data required time
                                -3.3724   data arrival time
-------------------------------------------------------------------------------
                                 7.5114   slack (MET)


