Startpoint: core.CPU_is_slli_a3$_DFF_P_
            (rising edge-triggered flip-flop clocked by clk)
Endpoint: core.CPU_Xreg_value_a4[10][24]$_SDFFE_PP0P_
          (rising edge-triggered flip-flop clocked by clk)
Path Group: clk
Path Type: max

      Cap      Slew     Delay      Time   Description
-------------------------------------------------------------------------------
             0.0000    0.0000    0.0000   clock clk (rise edge)
                       0.0000    0.0000   clock network delay (ideal)
             0.0000    0.0000    0.0000 ^ core.CPU_is_slli_a3$_DFF_P_/CLK (sky130_fd_sc_hd__dfxtp_1)
   0.0021    0.1454    1.4498    1.4498 ^ core.CPU_is_slli_a3$_DFF_P_/Q (sky130_fd_sc_hd__dfxtp_1)
             0.1454    0.0000    1.4498 ^ place534/A (sky130_fd_sc_hd__buf_4)
   0.0614    0.8283    0.8759    2.3257 ^ place534/X (sky130_fd_sc_hd__buf_4)
             0.8283    0.0000    2.3257 ^ _07478_/S (sky130_fd_sc_hd__mux2i_4)
   0.0021    0.4181    1.1780    3.5037 ^ _07478_/Y (sky130_fd_sc_hd__mux2i_4)
             0.4181    0.0000    3.5037 ^ place488/A (sky130_fd_sc_hd__buf_4)
   0.1583    2.0264    1.9286    5.4323 ^ place488/X (sky130_fd_sc_hd__buf_4)
             2.0264    0.0000    5.4323 ^ _07653_/S0 (sky130_fd_sc_hd__mux4_2)
   0.0053    0.3617    4.1286    9.5609 v _07653_/X (sky130_fd_sc_hd__mux4_2)
             0.3617    0.0000    9.5609 v _08211_/A0 (sky130_fd_sc_hd__mux4_2)
   0.0013    0.3213    3.2765   12.8374 v _08211_/X (sky130_fd_sc_hd__mux4_2)
             0.3213    0.0000   12.8374 v _08212_/B (sky130_fd_sc_hd__and2_0)
   0.0019    0.1093    0.8175   13.6549 v _08212_/X (sky130_fd_sc_hd__and2_0)
             0.1093    0.0000   13.6549 v _08213_/B1 (sky130_fd_sc_hd__a311o_1)
   0.0037    0.1940    1.8560   15.5109 v _08213_/X (sky130_fd_sc_hd__a311o_1)
             0.1940    0.0000   15.5109 v _08215_/B (sky130_fd_sc_hd__nor3b_2)
   0.0036    0.5800    0.8223   16.3332 ^ _08215_/Y (sky130_fd_sc_hd__nor3b_2)
             0.5800    0.0000   16.3332 ^ _08216_/B (sky130_fd_sc_hd__nand2_1)
   0.0014    0.0885    0.3642   16.6974 v _08216_/Y (sky130_fd_sc_hd__nand2_1)
             0.0885    0.0000   16.6974 v _08224_/B1 (sky130_fd_sc_hd__a2bb2o_2)
   0.0083    0.1874    1.2747   17.9721 v _08224_/X (sky130_fd_sc_hd__a2bb2o_2)
             0.1874    0.0000   17.9721 v _08232_/B1 (sky130_fd_sc_hd__a22oi_4)
   0.0343    1.5673    1.5004   19.4724 ^ _08232_/Y (sky130_fd_sc_hd__a22oi_4)
             1.5673    0.0000   19.4724 ^ _08235_/A2 (sky130_fd_sc_hd__a21oi_1)
   0.0013    0.1525    0.8025   20.2749 v _08235_/Y (sky130_fd_sc_hd__a21oi_1)
             0.1525    0.0000   20.2749 v core.CPU_Xreg_value_a4[10][24]$_SDFFE_PP0P_/D (sky130_fd_sc_hd__dfxtp_1)
                                20.2749   data arrival time

             0.0000   11.0000   11.0000   clock clk (rise edge)
                       0.0000   11.0000   clock network delay (ideal)
                       0.0000   11.0000   clock reconvergence pessimism
                                11.0000 ^ core.CPU_Xreg_value_a4[10][24]$_SDFFE_PP0P_/CLK (sky130_fd_sc_hd__dfxtp_1)
                      -1.1101    9.8899   library setup time
                                 9.8899   data required time
-------------------------------------------------------------------------------
                                 9.8899   data required time
                               -20.2749   data arrival time
-------------------------------------------------------------------------------
                               -10.3849   slack (VIOLATED)


