Startpoint: core.CPU_is_slli_a3$_DFF_P_
            (rising edge-triggered flip-flop clocked by clk)
Endpoint: core.CPU_src2_value_a3[24]$_DFF_P_
          (rising edge-triggered flip-flop clocked by clk)
Path Group: clk
Path Type: max

      Cap      Slew     Delay      Time   Description
-------------------------------------------------------------------------------
             0.0000    0.0000    0.0000   clock clk (rise edge)
                       0.0000    0.0000   clock network delay (ideal)
             0.0000    0.0000    0.0000 ^ core.CPU_is_slli_a3$_DFF_P_/CLK (sky130_fd_sc_hd__dfxtp_1)
   0.0025    0.0357    0.2262    0.2262 ^ core.CPU_is_slli_a3$_DFF_P_/Q (sky130_fd_sc_hd__dfxtp_1)
             0.0357    0.0000    0.2262 ^ place534/A (sky130_fd_sc_hd__buf_4)
   0.0724    0.1749    0.1902    0.4164 ^ place534/X (sky130_fd_sc_hd__buf_4)
             0.1749    0.0000    0.4164 ^ _07478_/S (sky130_fd_sc_hd__mux2i_4)
   0.0025    0.1218    0.1914    0.6079 ^ _07478_/Y (sky130_fd_sc_hd__mux2i_4)
             0.1218    0.0000    0.6079 ^ place488/A (sky130_fd_sc_hd__buf_4)
   0.1865    0.4328    0.3903    0.9982 ^ place488/X (sky130_fd_sc_hd__buf_4)
             0.4328    0.0000    0.9982 ^ _07653_/S0 (sky130_fd_sc_hd__mux4_2)
   0.0062    0.0861    0.4642    1.4624 v _07653_/X (sky130_fd_sc_hd__mux4_2)
             0.0861    0.0000    1.4624 v _08211_/A0 (sky130_fd_sc_hd__mux4_2)
   0.0017    0.0694    0.3335    1.7959 v _08211_/X (sky130_fd_sc_hd__mux4_2)
             0.0694    0.0000    1.7959 v _08212_/B (sky130_fd_sc_hd__and2_0)
   0.0023    0.0360    0.1263    1.9222 v _08212_/X (sky130_fd_sc_hd__and2_0)
             0.0360    0.0000    1.9222 v _08213_/B1 (sky130_fd_sc_hd__a311o_1)
   0.0042    0.0589    0.1531    2.0753 v _08213_/X (sky130_fd_sc_hd__a311o_1)
             0.0589    0.0000    2.0753 v _08215_/B (sky130_fd_sc_hd__nor3b_2)
   0.0043    0.1172    0.1306    2.2059 ^ _08215_/Y (sky130_fd_sc_hd__nor3b_2)
             0.1172    0.0000    2.2059 ^ _08216_/B (sky130_fd_sc_hd__nand2_1)
   0.0017    0.0349    0.0480    2.2540 v _08216_/Y (sky130_fd_sc_hd__nand2_1)
             0.0349    0.0000    2.2540 v _08224_/B1 (sky130_fd_sc_hd__a2bb2o_2)
   0.0098    0.0599    0.2216    2.4756 v _08224_/X (sky130_fd_sc_hd__a2bb2o_2)
             0.0599    0.0000    2.4756 v _09898_/B1_N (sky130_fd_sc_hd__a21boi_0)
   0.0046    0.0859    0.1153    2.5909 v _09898_/Y (sky130_fd_sc_hd__a21boi_0)
             0.0859    0.0000    2.5909 v _10251_/A1 (sky130_fd_sc_hd__o21a_1)
   0.0018    0.0290    0.1466    2.7375 v _10251_/X (sky130_fd_sc_hd__o21a_1)
             0.0290    0.0000    2.7375 v core.CPU_src2_value_a3[24]$_DFF_P_/D (sky130_fd_sc_hd__dfxtp_1)
                                 2.7375   data arrival time

             0.0000   11.0000   11.0000   clock clk (rise edge)
                       0.0000   11.0000   clock network delay (ideal)
                       0.0000   11.0000   clock reconvergence pessimism
                                11.0000 ^ core.CPU_src2_value_a3[24]$_DFF_P_/CLK (sky130_fd_sc_hd__dfxtp_1)
                      -0.0834   10.9166   library setup time
                                10.9166   data required time
-------------------------------------------------------------------------------
                                10.9166   data required time
                                -2.7375   data arrival time
-------------------------------------------------------------------------------
                                 8.1790   slack (MET)


