openroad> 
openroad> # Clear any previous database
openroad> catch {remove_db}
1
openroad> 
openroad> # Read liberty files
openroad> read_liberty "/home/shwetank/OpenROAD-flow-scripts/flow/platforms/sky130hd/lib/sky130_fd_sc_hd__ss_n40C_1v44.lib"
1
openroad> if { [file exists "/home/shwetank/OpenROAD-flow-scripts/flow/designs/sky130hd/VSDBabySoC/lib/avsdpll.lib"] } { read_liberty "/home/shwetank/OpenROAD-flow-scripts/flow/designs/sky130hd/VSDBabySoC/lib/avsdpll.lib" }
1
openroad> if { [file exists "/home/shwetank/OpenROAD-flow-scripts/flow/designs/sky130hd/VSDBabySoC/lib/avsddac.lib"] } { read_liberty "/home/shwetank/OpenROAD-flow-scripts/flow/designs/sky130hd/VSDBabySoC/lib/avsddac.lib" }
1
openroad> 
openroad> # Read design based on stage
openroad> if { "postsynth" == "postsynth" } {
...>     # For post-synthesis, we need to load LEF files first
...>     set platform_dir "/home/shwetank/OpenROAD-flow-scripts/flow/platforms/sky130hd"
...>     
...>     # Read technology LEF
...>     if { [file exists "$platform_dir/lef/sky130_fd_sc_hd.tlef"] } {
...>         read_lef "$platform_dir/lef/sky130_fd_sc_hd.tlef"
...>     }
...>     
...>     # Read standard cell LEF
...>     if { [file exists "$platform_dir/lef/sky130_fd_sc_hd_merged.lef"] } {
...>         read_lef "$platform_dir/lef/sky130_fd_sc_hd_merged.lef"
...>     } elseif { [file exists "$platform_dir/lef/sky130_fd_sc_hd.lef"] } {
...>         read_lef "$platform_dir/lef/sky130_fd_sc_hd.lef"
...>     }
...>     
...>     # Read macro LEFs if they exist
...>     set macro_lef_dir "/home/shwetank/OpenROAD-flow-scripts/flow/designs/sky130hd/VSDBabySoC/lef"
...>     if { [file exists "$macro_lef_dir/avsdpll.lef"] } {
...>         read_lef "$macro_lef_dir/avsdpll.lef"
...>     }
...>     if { [file exists "$macro_lef_dir/avsddac.lef"] } {
...>         read_lef "$macro_lef_dir/avsddac.lef"
...>     }
...>     
...>     # Now read the Verilog netlist
...>     read_verilog "/home/shwetank/OpenROAD-flow-scripts/flow/results/sky130hd/VSDBabySoC/base/1_synth.v"
...>     link_design vsdbabysoc
...> } else {
...>     read_db "/home/shwetank/OpenROAD-flow-scripts/flow/results/sky130hd/VSDBabySoC/base/1_synth.v"
...> }
[INFO ODB-0227] LEF file: /home/shwetank/OpenROAD-flow-scripts/flow/platforms/sky130hd/lef/sky130_fd_sc_hd.tlef, created 13 layers, 25 vias
[INFO ODB-0227] LEF file: /home/shwetank/OpenROAD-flow-scripts/flow/platforms/sky130hd/lef/sky130_fd_sc_hd_merged.lef, created 441 library cells
[WARNING ODB-0220] WARNING (LEFPARS-2008): NOWIREEXTENSIONATPIN statement is obsolete in version 5.6 or later.
The NOWIREEXTENSIONATPIN statement will be ignored. See file /home/shwetank/OpenROAD-flow-scripts/flow/designs/sky130hd/VSDBabySoC/lef/avsdpll.lef at line 2.

[WARNING ODB-0186] macro avsdpll references unknown site unithddb1
[INFO ODB-0227] LEF file: /home/shwetank/OpenROAD-flow-scripts/flow/designs/sky130hd/VSDBabySoC/lef/avsdpll.lef, created 1 library cells
[WARNING ODB-0220] WARNING (LEFPARS-2008): NOWIREEXTENSIONATPIN statement is obsolete in version 5.6 or later.
The NOWIREEXTENSIONATPIN statement will be ignored. See file /home/shwetank/OpenROAD-flow-scripts/flow/designs/sky130hd/VSDBabySoC/lef/avsddac.lef at line 2.

[INFO ODB-0227] LEF file: /home/shwetank/OpenROAD-flow-scripts/flow/designs/sky130hd/VSDBabySoC/lef/avsddac.lef, created 1 library cells
openroad> 
openroad> # Read timing constraints
openroad> read_sdc "/home/shwetank/OpenROAD-flow-scripts/flow/results/sky130hd/VSDBabySoC/base/1_synth.sdc"
openroad> 
openroad> # Read SPEF parasitics if available (post-route only)
openroad> if { "" != "" && [file exists ""] } {
...>     read_spef ""
...>     puts "SPEF loaded: "
...> }
openroad> 
openroad> # Generate detailed timing reports for setup analysis
openroad> report_checks -path_delay max -fields {input_pin slew capacitance}     -format full_clock_expanded -digits 4 -unconstrained     > "/home/shwetank/OpenROAD-flow-scripts/flow/reports/sta_across_pvt/postsynth_ss_n40C_1v44_setup.rpt"
openroad> 
openroad> # Generate detailed timing reports for hold analysis
openroad> report_checks -path_delay min -fields {input_pin slew capacitance}     -format full_clock_expanded -digits 4 -unconstrained     > "/home/shwetank/OpenROAD-flow-scripts/flow/reports/sta_across_pvt/postsynth_ss_n40C_1v44_hold.rpt"
openroad> 
openroad> # Report summary metrics - Setup (max delay)
openroad> set wns_max [sta::worst_slack_cmd "max"]
-2.5810500403622427e-9
openroad> set tns_max [sta::total_negative_slack_cmd "max"]
-1.886633924641501e-7
openroad> 
openroad> # Report summary metrics - Hold (min delay)
openroad> set wns_min [sta::worst_slack_cmd "min"]
9.909010278974506e-10
openroad> set tns_min [sta::total_negative_slack_cmd "min"]
0.0
openroad> 
openroad> # Write summary to files
openroad> set summary_file [open "/home/shwetank/OpenROAD-flow-scripts/flow/reports/sta_across_pvt/postsynth_ss_n40C_1v44_summary.txt" w]
file5
openroad> puts $summary_file "Timing Analysis Summary"
openroad> puts $summary_file "Corner: ss_n40C_1v44"
openroad> puts $summary_file "Stage: postsynth"
openroad> puts $summary_file "======================================"
openroad> puts $summary_file "Setup Analysis (Max Delay):"
openroad> puts $summary_file "  Worst Negative Slack (WNS): $wns_max"
openroad> puts $summary_file "  Total Negative Slack (TNS): $tns_max"
openroad> puts $summary_file "Hold Analysis (Min Delay):"
openroad> puts $summary_file "  Worst Hold Slack (WHS): $wns_min"
openroad> puts $summary_file "  Total Hold Slack (THS): $tns_min"
openroad> close $summary_file
openroad> 
openroad> # Print to console
openroad> puts "======================================"
======================================
openroad> puts "Timing Summary for ss_n40C_1v44 - postsynth"
Timing Summary for ss_n40C_1v44 - postsynth
openroad> puts "======================================"
======================================
openroad> puts "Setup: WNS = $wns_max, TNS = $tns_max"
Setup: WNS = -2.5810500403622427e-9, TNS = -1.886633924641501e-7
openroad> puts "Hold:  WHS = $wns_min, THS = $tns_min"
Hold:  WHS = 9.909010278974506e-10, THS = 0.0
openroad> puts "======================================"
======================================
openroad> 
openroad> exit
